        -:    0:Source:/mnt/c/Users/Usuario/CLionProjects/ca_p1/common_hst.cpp
        -:    0:Graph:/mnt/c/Users/Usuario/CLionProjects/ca_p1/cmake-build-debug-wsl-coverage/CMakeFiles/common.dir/common_hst.cpp.gcno
        -:    0:Data:/mnt/c/Users/Usuario/CLionProjects/ca_p1/cmake-build-debug-wsl-coverage/CMakeFiles/common.dir/common_hst.cpp.gcda
        -:    0:Runs:1
        -:    1:#include "common.hpp"
        -:    2:#include "common_hst.hpp"
        -:    3:#include <vector>
        -:    4:#include <iostream>
        -:    5:#include <filesystem>
        -:    6:
function _Z9open_fileRNSt10filesystem7__cxx114pathE called 1 returned 100% blocks executed 78%
        1:    7:std::ofstream open_file(std::filesystem::path &path) {
        1:    8:    std::ofstream f;
        1:    8-block  0
call    0 returned 1
        1:    9:    f.open(path, std::ios::out);// Open the file for writing
call    0 returned 1
branch  1 taken 1 (fallthrough)
branch  2 taken 0 (throw)
        1:   10:    if (!f.is_open()) {         // Check for errors
        1:   10-block  0
call    0 returned 1
branch  1 taken 1 (fallthrough)
branch  2 taken 0 (throw)
        1:   10-block  1
branch  3 taken 0 (fallthrough)
branch  4 taken 1
    #####:   11:        err_msg(ErrorType::unopened_file);
    %%%%%:   11-block  0
call    0 never executed
branch  1 never executed
branch  2 never executed
        -:   12:    }
        1:   13:    return f;
        1:   13-block  0
        1:   13-block  1
        -:   14:}
        -:   15:
function _Z13print_to_fileRSt6vectorIiSaIiEERSt14basic_ofstreamIcSt11char_traitsIcEE called 3 returned 100% blocks executed 100%
        3:   16:void print_to_file(std::vector<int> &freq, std::ofstream &f) {
      771:   17:    for (int i = 0; i < 256; i++) {
        3:   17-block  0
      771:   17-block  1
branch  0 taken 768 (fallthrough)
branch  1 taken 3
      768:   18:        f << freq[i] << "\n";
      768:   18-block  0
call    0 returned 768
call    1 returned 768
call    2 returned 768
        -:   19:    }
        3:   20:}
