        -:    0:Source:/mnt/c/Users/Usuario/CLionProjects/ca_p1/cmake-build-debug-wsl-coverage/_deps/googletest-src/googletest/src/gtest.cc
        -:    0:Graph:/mnt/c/Users/Usuario/CLionProjects/ca_p1/cmake-build-debug-wsl-coverage/_deps/googletest-build/googletest/CMakeFiles/gtest.dir/src/gtest-all.cc.gcno
        -:    0:Data:/mnt/c/Users/Usuario/CLionProjects/ca_p1/cmake-build-debug-wsl-coverage/_deps/googletest-build/googletest/CMakeFiles/gtest.dir/src/gtest-all.cc.gcda
        -:    0:Runs:1
        -:    1:// Copyright 2005, Google Inc.
        -:    2:// All rights reserved.
        -:    3://
        -:    4:// Redistribution and use in source and binary forms, with or without
        -:    5:// modification, are permitted provided that the following conditions are
        -:    6:// met:
        -:    7://
        -:    8://     * Redistributions of source code must retain the above copyright
        -:    9:// notice, this list of conditions and the following disclaimer.
        -:   10://     * Redistributions in binary form must reproduce the above
        -:   11:// copyright notice, this list of conditions and the following disclaimer
        -:   12:// in the documentation and/or other materials provided with the
        -:   13:// distribution.
        -:   14://     * Neither the name of Google Inc. nor the names of its
        -:   15:// contributors may be used to endorse or promote products derived from
        -:   16:// this software without specific prior written permission.
        -:   17://
        -:   18:// THIS SOFTWARE IS PROVIDED BY THE COPYRIGHT HOLDERS AND CONTRIBUTORS
        -:   19:// "AS IS" AND ANY EXPRESS OR IMPLIED WARRANTIES, INCLUDING, BUT NOT
        -:   20:// LIMITED TO, THE IMPLIED WARRANTIES OF MERCHANTABILITY AND FITNESS FOR
        -:   21:// A PARTICULAR PURPOSE ARE DISCLAIMED. IN NO EVENT SHALL THE COPYRIGHT
        -:   22:// OWNER OR CONTRIBUTORS BE LIABLE FOR ANY DIRECT, INDIRECT, INCIDENTAL,
        -:   23:// SPECIAL, EXEMPLARY, OR CONSEQUENTIAL DAMAGES (INCLUDING, BUT NOT
        -:   24:// LIMITED TO, PROCUREMENT OF SUBSTITUTE GOODS OR SERVICES; LOSS OF USE,
        -:   25:// DATA, OR PROFITS; OR BUSINESS INTERRUPTION) HOWEVER CAUSED AND ON ANY
        -:   26:// THEORY OF LIABILITY, WHETHER IN CONTRACT, STRICT LIABILITY, OR TORT
        -:   27:// (INCLUDING NEGLIGENCE OR OTHERWISE) ARISING IN ANY WAY OUT OF THE USE
        -:   28:// OF THIS SOFTWARE, EVEN IF ADVISED OF THE POSSIBILITY OF SUCH DAMAGE.
        -:   29:
        -:   30://
        -:   31:// The Google C++ Testing and Mocking Framework (Google Test)
        -:   32:
        -:   33:#include "gtest/gtest.h"
        -:   34:
        -:   35:#include <ctype.h>
        -:   36:#include <stdarg.h>
        -:   37:#include <stdio.h>
        -:   38:#include <stdlib.h>
        -:   39:#include <time.h>
        -:   40:#include <wchar.h>
        -:   41:#include <wctype.h>
        -:   42:
        -:   43:#include <algorithm>
        -:   44:#include <chrono>  // NOLINT
        -:   45:#include <cmath>
        -:   46:#include <cstdint>
        -:   47:#include <initializer_list>
        -:   48:#include <iomanip>
        -:   49:#include <iterator>
        -:   50:#include <limits>
        -:   51:#include <list>
        -:   52:#include <map>
        -:   53:#include <ostream>  // NOLINT
        -:   54:#include <sstream>
        -:   55:#include <unordered_set>
        -:   56:#include <vector>
        -:   57:
        -:   58:#include "gtest/gtest-assertion-result.h"
        -:   59:#include "gtest/gtest-spi.h"
        -:   60:#include "gtest/internal/custom/gtest.h"
        -:   61:
        -:   62:#if GTEST_OS_LINUX
        -:   63:
        -:   64:#include <fcntl.h>   // NOLINT
        -:   65:#include <limits.h>  // NOLINT
        -:   66:#include <sched.h>   // NOLINT
        -:   67:// Declares vsnprintf().  This header is not available on Windows.
        -:   68:#include <strings.h>   // NOLINT
        -:   69:#include <sys/mman.h>  // NOLINT
        -:   70:#include <sys/time.h>  // NOLINT
        -:   71:#include <unistd.h>    // NOLINT
        -:   72:
        -:   73:#include <string>
        -:   74:
        -:   75:#elif GTEST_OS_ZOS
        -:   76:#include <sys/time.h>  // NOLINT
        -:   77:
        -:   78:// On z/OS we additionally need strings.h for strcasecmp.
        -:   79:#include <strings.h>   // NOLINT
        -:   80:
        -:   81:#elif GTEST_OS_WINDOWS_MOBILE  // We are on Windows CE.
        -:   82:
        -:   83:#include <windows.h>  // NOLINT
        -:   84:#undef min
        -:   85:
        -:   86:#elif GTEST_OS_WINDOWS  // We are on Windows proper.
        -:   87:
        -:   88:#include <windows.h>  // NOLINT
        -:   89:#undef min
        -:   90:
        -:   91:#ifdef _MSC_VER
        -:   92:#include <crtdbg.h>  // NOLINT
        -:   93:#endif
        -:   94:
        -:   95:#include <io.h>         // NOLINT
        -:   96:#include <sys/stat.h>   // NOLINT
        -:   97:#include <sys/timeb.h>  // NOLINT
        -:   98:#include <sys/types.h>  // NOLINT
        -:   99:
        -:  100:#if GTEST_OS_WINDOWS_MINGW
        -:  101:#include <sys/time.h>  // NOLINT
        -:  102:#endif                 // GTEST_OS_WINDOWS_MINGW
        -:  103:
        -:  104:#else
        -:  105:
        -:  106:// cpplint thinks that the header is already included, so we want to
        -:  107:// silence it.
        -:  108:#include <sys/time.h>  // NOLINT
        -:  109:#include <unistd.h>    // NOLINT
        -:  110:
        -:  111:#endif  // GTEST_OS_LINUX
        -:  112:
        -:  113:#if GTEST_HAS_EXCEPTIONS
        -:  114:#include <stdexcept>
        -:  115:#endif
        -:  116:
        -:  117:#if GTEST_CAN_STREAM_RESULTS_
        -:  118:#include <arpa/inet.h>   // NOLINT
        -:  119:#include <netdb.h>       // NOLINT
        -:  120:#include <sys/socket.h>  // NOLINT
        -:  121:#include <sys/types.h>   // NOLINT
        -:  122:#endif
        -:  123:
        -:  124:#include "src/gtest-internal-inl.h"
        -:  125:
        -:  126:#if GTEST_OS_WINDOWS
        -:  127:#define vsnprintf _vsnprintf
        -:  128:#endif  // GTEST_OS_WINDOWS
        -:  129:
        -:  130:#if GTEST_OS_MAC
        -:  131:#ifndef GTEST_OS_IOS
        -:  132:#include <crt_externs.h>
        -:  133:#endif
        -:  134:#endif
        -:  135:
        -:  136:#if GTEST_HAS_ABSL
        -:  137:#include "absl/debugging/failure_signal_handler.h"
        -:  138:#include "absl/debugging/stacktrace.h"
        -:  139:#include "absl/debugging/symbolize.h"
        -:  140:#include "absl/flags/parse.h"
        -:  141:#include "absl/flags/usage.h"
        -:  142:#include "absl/strings/str_cat.h"
        -:  143:#include "absl/strings/str_replace.h"
        -:  144:#endif  // GTEST_HAS_ABSL
        -:  145:
        -:  146:namespace testing {
        -:  147:
        -:  148:using internal::CountIf;
        -:  149:using internal::ForEach;
        -:  150:using internal::GetElementOr;
        -:  151:using internal::Shuffle;
        -:  152:
        -:  153:// Constants.
        -:  154:
        -:  155:// A test whose test suite name or test name matches this filter is
        -:  156:// disabled and not run.
        -:  157:static const char kDisableTestFilter[] = "DISABLED_*:*/DISABLED_*";
        -:  158:
        -:  159:// A test suite whose name matches this filter is considered a death
        -:  160:// test suite and will be run before test suites whose name doesn't
        -:  161:// match this filter.
        -:  162:static const char kDeathTestSuiteFilter[] = "*DeathTest:*DeathTest/*";
        -:  163:
        -:  164:// A test filter that matches everything.
        -:  165:static const char kUniversalFilter[] = "*";
        -:  166:
        -:  167:// The default output format.
        -:  168:static const char kDefaultOutputFormat[] = "xml";
        -:  169:// The default output file.
        -:  170:static const char kDefaultOutputFile[] = "test_detail";
        -:  171:
        -:  172:// The environment variable name for the test shard index.
        -:  173:static const char kTestShardIndex[] = "GTEST_SHARD_INDEX";
        -:  174:// The environment variable name for the total number of test shards.
        -:  175:static const char kTestTotalShards[] = "GTEST_TOTAL_SHARDS";
        -:  176:// The environment variable name for the test shard status file.
        -:  177:static const char kTestShardStatusFile[] = "GTEST_SHARD_STATUS_FILE";
        -:  178:
        -:  179:namespace internal {
        -:  180:
        -:  181:// The text used in failure messages to indicate the start of the
        -:  182:// stack trace.
        -:  183:const char kStackTraceMarker[] = "\nStack trace:\n";
        -:  184:
        -:  185:// g_help_flag is true if and only if the --help flag or an equivalent form
        -:  186:// is specified on the command line.
        -:  187:bool g_help_flag = false;
        -:  188:
        -:  189:// Utility function to Open File for Writing
function _ZN7testing8internalL18OpenFileForWritingERKNSt7__cxx1112basic_stringIcSt11char_traitsIcESaIcEEE called 0 returned 0% blocks executed 0%
    #####:  190:static FILE* OpenFileForWriting(const std::string& output_file) {
    #####:  191:  FILE* fileout = nullptr;
    #####:  192:  FilePath output_file_path(output_file);
    %%%%%:  192-block  0
call    0 never executed
branch  1 never executed
branch  2 never executed
call    3 never executed
    $$$$$:  192-block  1
call    4 never executed
    #####:  193:  FilePath output_dir(output_file_path.RemoveFileName());
    %%%%%:  193-block  0
call    0 never executed
branch  1 never executed
branch  2 never executed
    $$$$$:  193-block  1
call    3 never executed
        -:  194:
    #####:  195:  if (output_dir.CreateDirectoriesRecursively()) {
    %%%%%:  195-block  0
call    0 never executed
branch  1 never executed
branch  2 never executed
    %%%%%:  195-block  1
branch  3 never executed
branch  4 never executed
    #####:  196:    fileout = posix::FOpen(output_file.c_str(), "w");
    %%%%%:  196-block  0
call    0 never executed
call    1 never executed
branch  2 never executed
branch  3 never executed
    %%%%%:  196-block  1
        -:  197:  }
    #####:  198:  if (fileout == nullptr) {
    %%%%%:  198-block  0
branch  0 never executed
branch  1 never executed
    #####:  199:    GTEST_LOG_(FATAL) << "Unable to open file \"" << output_file << "\"";
    %%%%%:  199-block  0
call    0 never executed
branch  1 never executed
branch  2 never executed
    %%%%%:  199-block  1
call    3 never executed
call    4 never executed
branch  5 never executed
branch  6 never executed
    %%%%%:  199-block  2
call    7 never executed
branch  8 never executed
branch  9 never executed
    %%%%%:  199-block  3
call   10 never executed
branch 11 never executed
branch 12 never executed
    %%%%%:  199-block  4
call   13 never executed
    $$$$$:  199-block  5
call   14 never executed
    $$$$$:  199-block  6
        -:  200:  }
    #####:  201:  return fileout;
    %%%%%:  201-block  0
call    0 never executed
    %%%%%:  201-block  1
        -:  202:}
        -:  203:
        -:  204:}  // namespace internal
        -:  205:
        -:  206:// Bazel passes in the argument to '--test_filter' via the TESTBRIDGE_TEST_ONLY
        -:  207:// environment variable.
function _ZN7testingL16GetDefaultFilterEv called 1 returned 100% blocks executed 80%
        1:  208:static const char* GetDefaultFilter() {
        -:  209:  const char* const testbridge_test_only =
        1:  210:      internal::posix::GetEnv("TESTBRIDGE_TEST_ONLY");
        1:  210-block  0
call    0 returned 1
        1:  211:  if (testbridge_test_only != nullptr) {
branch  0 taken 0 (fallthrough)
branch  1 taken 1
    #####:  212:    return testbridge_test_only;
    %%%%%:  212-block  0
        -:  213:  }
        1:  214:  return kUniversalFilter;
        1:  214-block  0
        -:  215:}
        -:  216:
        -:  217:// Bazel passes in the argument to '--test_runner_fail_fast' via the
        -:  218:// TESTBRIDGE_TEST_RUNNER_FAIL_FAST environment variable.
function _ZN7testingL18GetDefaultFailFastEv called 1 returned 100% blocks executed 80%
        1:  219:static bool GetDefaultFailFast() {
        -:  220:  const char* const testbridge_test_runner_fail_fast =
        1:  221:      internal::posix::GetEnv("TESTBRIDGE_TEST_RUNNER_FAIL_FAST");
        1:  221-block  0
call    0 returned 1
        1:  222:  if (testbridge_test_runner_fail_fast != nullptr) {
branch  0 taken 0 (fallthrough)
branch  1 taken 1
    #####:  223:    return strcmp(testbridge_test_runner_fail_fast, "1") == 0;
    %%%%%:  223-block  0
        -:  224:  }
        1:  225:  return false;
        1:  225-block  0
        -:  226:}
        -:  227:
        -:  228:}  // namespace testing
        -:  229:
        -:  230:GTEST_DEFINE_bool_(
        -:  231:    fail_fast,
        -:  232:    testing::internal::BoolFromGTestEnv("fail_fast",
        -:  233:                                        testing::GetDefaultFailFast()),
        -:  234:    "True if and only if a test failure should stop further test execution.");
        -:  235:
        -:  236:GTEST_DEFINE_bool_(
        -:  237:    also_run_disabled_tests,
        -:  238:    testing::internal::BoolFromGTestEnv("also_run_disabled_tests", false),
        -:  239:    "Run disabled tests too, in addition to the tests normally being run.");
        -:  240:
        -:  241:GTEST_DEFINE_bool_(
        -:  242:    break_on_failure,
        -:  243:    testing::internal::BoolFromGTestEnv("break_on_failure", false),
        -:  244:    "True if and only if a failed assertion should be a debugger "
        -:  245:    "break-point.");
        -:  246:
        -:  247:GTEST_DEFINE_bool_(catch_exceptions,
        -:  248:                   testing::internal::BoolFromGTestEnv("catch_exceptions",
        -:  249:                                                       true),
        -:  250:                   "True if and only if " GTEST_NAME_
        -:  251:                   " should catch exceptions and treat them as test failures.");
        -:  252:
        -:  253:GTEST_DEFINE_string_(
        -:  254:    color, testing::internal::StringFromGTestEnv("color", "auto"),
        -:  255:    "Whether to use colors in the output.  Valid values: yes, no, "
        -:  256:    "and auto.  'auto' means to use colors if the output is "
        -:  257:    "being sent to a terminal and the TERM environment variable "
        -:  258:    "is set to a terminal type that supports colors.");
        -:  259:
        -:  260:GTEST_DEFINE_string_(
        -:  261:    filter,
        -:  262:    testing::internal::StringFromGTestEnv("filter",
        -:  263:                                          testing::GetDefaultFilter()),
        -:  264:    "A colon-separated list of glob (not regex) patterns "
        -:  265:    "for filtering the tests to run, optionally followed by a "
        -:  266:    "'-' and a : separated list of negative patterns (tests to "
        -:  267:    "exclude).  A test is run if it matches one of the positive "
        -:  268:    "patterns and does not match any of the negative patterns.");
        -:  269:
        -:  270:GTEST_DEFINE_bool_(
        -:  271:    install_failure_signal_handler,
        -:  272:    testing::internal::BoolFromGTestEnv("install_failure_signal_handler",
        -:  273:                                        false),
        -:  274:    "If true and supported on the current platform, " GTEST_NAME_
        -:  275:    " should "
        -:  276:    "install a signal handler that dumps debugging information when fatal "
        -:  277:    "signals are raised.");
        -:  278:
        -:  279:GTEST_DEFINE_bool_(list_tests, false, "List all tests without running them.");
        -:  280:
        -:  281:// The net priority order after flag processing is thus:
        -:  282://   --gtest_output command line flag
        -:  283://   GTEST_OUTPUT environment variable
        -:  284://   XML_OUTPUT_FILE environment variable
        -:  285://   ''
        -:  286:GTEST_DEFINE_string_(
        -:  287:    output,
        -:  288:    testing::internal::StringFromGTestEnv(
        -:  289:        "output", testing::internal::OutputFlagAlsoCheckEnvVar().c_str()),
        -:  290:    "A format (defaults to \"xml\" but can be specified to be \"json\"), "
        -:  291:    "optionally followed by a colon and an output file name or directory. "
        -:  292:    "A directory is indicated by a trailing pathname separator. "
        -:  293:    "Examples: \"xml:filename.xml\", \"xml::directoryname/\". "
        -:  294:    "If a directory is specified, output files will be created "
        -:  295:    "within that directory, with file-names based on the test "
        -:  296:    "executable's name and, if necessary, made unique by adding "
        -:  297:    "digits.");
        -:  298:
        -:  299:GTEST_DEFINE_bool_(
        -:  300:    brief, testing::internal::BoolFromGTestEnv("brief", false),
        -:  301:    "True if only test failures should be displayed in text output.");
        -:  302:
        -:  303:GTEST_DEFINE_bool_(print_time,
        -:  304:                   testing::internal::BoolFromGTestEnv("print_time", true),
        -:  305:                   "True if and only if " GTEST_NAME_
        -:  306:                   " should display elapsed time in text output.");
        -:  307:
        -:  308:GTEST_DEFINE_bool_(print_utf8,
        -:  309:                   testing::internal::BoolFromGTestEnv("print_utf8", true),
        -:  310:                   "True if and only if " GTEST_NAME_
        -:  311:                   " prints UTF8 characters as text.");
        -:  312:
        -:  313:GTEST_DEFINE_int32_(
        -:  314:    random_seed, testing::internal::Int32FromGTestEnv("random_seed", 0),
        -:  315:    "Random number seed to use when shuffling test orders.  Must be in range "
        -:  316:    "[1, 99999], or 0 to use a seed based on the current time.");
        -:  317:
        -:  318:GTEST_DEFINE_int32_(
        -:  319:    repeat, testing::internal::Int32FromGTestEnv("repeat", 1),
        -:  320:    "How many times to repeat each test.  Specify a negative number "
        -:  321:    "for repeating forever.  Useful for shaking out flaky tests.");
        -:  322:
        -:  323:GTEST_DEFINE_bool_(
        -:  324:    recreate_environments_when_repeating,
        -:  325:    testing::internal::BoolFromGTestEnv("recreate_environments_when_repeating",
        -:  326:                                        false),
        -:  327:    "Controls whether global test environments are recreated for each repeat "
        -:  328:    "of the tests. If set to false the global test environments are only set "
        -:  329:    "up once, for the first iteration, and only torn down once, for the last. "
        -:  330:    "Useful for shaking out flaky tests with stable, expensive test "
        -:  331:    "environments. If --gtest_repeat is set to a negative number, meaning "
        -:  332:    "there is no last run, the environments will always be recreated to avoid "
        -:  333:    "leaks.");
        -:  334:
        -:  335:GTEST_DEFINE_bool_(show_internal_stack_frames, false,
        -:  336:                   "True if and only if " GTEST_NAME_
        -:  337:                   " should include internal stack frames when "
        -:  338:                   "printing test failure stack traces.");
        -:  339:
        -:  340:GTEST_DEFINE_bool_(shuffle,
        -:  341:                   testing::internal::BoolFromGTestEnv("shuffle", false),
        -:  342:                   "True if and only if " GTEST_NAME_
        -:  343:                   " should randomize tests' order on every run.");
        -:  344:
        -:  345:GTEST_DEFINE_int32_(
        -:  346:    stack_trace_depth,
        -:  347:    testing::internal::Int32FromGTestEnv("stack_trace_depth",
        -:  348:                                         testing::kMaxStackTraceDepth),
        -:  349:    "The maximum number of stack frames to print when an "
        -:  350:    "assertion fails.  The valid range is 0 through 100, inclusive.");
        -:  351:
        -:  352:GTEST_DEFINE_string_(
        -:  353:    stream_result_to,
        -:  354:    testing::internal::StringFromGTestEnv("stream_result_to", ""),
        -:  355:    "This flag specifies the host name and the port number on which to stream "
        -:  356:    "test results. Example: \"localhost:555\". The flag is effective only on "
        -:  357:    "Linux.");
        -:  358:
        -:  359:GTEST_DEFINE_bool_(
        -:  360:    throw_on_failure,
        -:  361:    testing::internal::BoolFromGTestEnv("throw_on_failure", false),
        -:  362:    "When this flag is specified, a failed assertion will throw an exception "
        -:  363:    "if exceptions are enabled or exit the program with a non-zero code "
        -:  364:    "otherwise. For use with an external test framework.");
        -:  365:
        -:  366:#if GTEST_USE_OWN_FLAGFILE_FLAG_
        -:  367:GTEST_DEFINE_string_(
        -:  368:    flagfile, testing::internal::StringFromGTestEnv("flagfile", ""),
        -:  369:    "This flag specifies the flagfile to read command-line flags from.");
        -:  370:#endif  // GTEST_USE_OWN_FLAGFILE_FLAG_
        -:  371:
        -:  372:namespace testing {
        -:  373:namespace internal {
        -:  374:
        -:  375:// Generates a random number from [0, range), using a Linear
        -:  376:// Congruential Generator (LCG).  Crashes if 'range' is 0 or greater
        -:  377:// than kMaxRange.
function _ZN7testing8internal6Random8GenerateEj called 0 returned 0% blocks executed 0%
    #####:  378:uint32_t Random::Generate(uint32_t range) {
        -:  379:  // These constants are the same as are used in glibc's rand(3).
        -:  380:  // Use wider types than necessary to prevent unsigned overflow diagnostics.
    #####:  381:  state_ = static_cast<uint32_t>(1103515245ULL * state_ + 12345U) % kMaxRange;
        -:  382:
    #####:  383:  GTEST_CHECK_(range > 0) << "Cannot generate a number in the range [0, 0).";
    %%%%%:  383-block  0
call    0 never executed
branch  1 never executed
branch  2 never executed
    %%%%%:  383-block  1
call    3 never executed
call    4 never executed
call    5 never executed
branch  6 never executed
branch  7 never executed
    %%%%%:  383-block  2
call    8 never executed
branch  9 never executed
branch 10 never executed
    %%%%%:  383-block  3
call   11 never executed
    $$$$$:  383-block  4
call   12 never executed
    $$$$$:  383-block  5
call   13 never executed
    #####:  384:  GTEST_CHECK_(range <= kMaxRange)
    %%%%%:  384-block  0
call    0 never executed
branch  1 never executed
branch  2 never executed
    %%%%%:  384-block  1
call    3 never executed
call    4 never executed
    %%%%%:  384-block  2
call    5 never executed
    $$$$$:  384-block  3
call    6 never executed
    #####:  385:      << "Generation of a number in [0, " << range << ") was requested, "
call    0 never executed
branch  1 never executed
branch  2 never executed
    %%%%%:  385-block  0
call    3 never executed
branch  4 never executed
branch  5 never executed
    %%%%%:  385-block  1
call    6 never executed
branch  7 never executed
branch  8 never executed
    #####:  386:      << "but this can only generate numbers in [0, " << kMaxRange << ").";
    %%%%%:  386-block  0
call    0 never executed
branch  1 never executed
branch  2 never executed
    %%%%%:  386-block  1
call    3 never executed
branch  4 never executed
branch  5 never executed
    %%%%%:  386-block  2
call    6 never executed
branch  7 never executed
branch  8 never executed
    %%%%%:  386-block  3
call    9 never executed
branch 10 never executed
branch 11 never executed
        -:  387:
        -:  388:  // Converting via modulus introduces a bit of downward bias, but
        -:  389:  // it's simple, and a linear congruential generator isn't too good
        -:  390:  // to begin with.
    #####:  391:  return state_ % range;
    %%%%%:  391-block  0
    %%%%%:  391-block  1
        -:  392:}
        -:  393:
        -:  394:// GTestIsInitialized() returns true if and only if the user has initialized
        -:  395:// Google Test.  Useful for catching the user mistake of not initializing
        -:  396:// Google Test before calling RUN_ALL_TESTS().
function _ZN7testing8internalL18GTestIsInitializedEv called 2 returned 100% blocks executed 100%
        2:  397:static bool GTestIsInitialized() { return GetArgvs().size() > 0; }
        2:  397-block  0
call    0 returned 2
call    1 returned 2
call    2 returned 2
        -:  398:
        -:  399:// Iterates over a vector of TestSuites, keeping a running sum of the
        -:  400:// results of calling a given int-returning method on each.
        -:  401:// Returns the sum.
function _ZN7testing8internalL20SumOverTestSuiteListERKSt6vectorIPNS_9TestSuiteESaIS3_EEMS2_KFivE called 5 returned 100% blocks executed 91%
        5:  402:static int SumOverTestSuiteList(const std::vector<TestSuite*>& case_list,
        -:  403:                                int (TestSuite::*method)() const) {
        5:  404:  int sum = 0;
       10:  405:  for (size_t i = 0; i < case_list.size(); i++) {
        5:  405-block  0
       10:  405-block  1
call    0 returned 10
branch  1 taken 5 (fallthrough)
branch  2 taken 5
       5*:  406:    sum += (case_list[i]->*method)();
        5:  406-block  0
call    0 returned 5
branch  1 taken 0 (fallthrough)
branch  2 taken 5
    %%%%%:  406-block  1
        5:  406-block  2
        5:  406-block  3
call    3 returned 5
        -:  407:  }
        5:  408:  return sum;
        5:  408-block  0
        -:  409:}
        -:  410:
        -:  411:// Returns true if and only if the test suite passed.
function _ZN7testing8internalL15TestSuitePassedEPKNS_9TestSuiteE called 0 returned 0% blocks executed 0%
    #####:  412:static bool TestSuitePassed(const TestSuite* test_suite) {
    #####:  413:  return test_suite->should_run() && test_suite->Passed();
    %%%%%:  413-block  0
call    0 never executed
branch  1 never executed
branch  2 never executed
    %%%%%:  413-block  1
call    3 never executed
branch  4 never executed
branch  5 never executed
    %%%%%:  413-block  2
    %%%%%:  413-block  3
    %%%%%:  413-block  4
        -:  414:}
        -:  415:
        -:  416:// Returns true if and only if the test suite failed.
function _ZN7testing8internalL15TestSuiteFailedEPKNS_9TestSuiteE called 2 returned 100% blocks executed 88%
        2:  417:static bool TestSuiteFailed(const TestSuite* test_suite) {
       2*:  418:  return test_suite->should_run() && test_suite->Failed();
        2:  418-block  0
call    0 returned 2
branch  1 taken 2 (fallthrough)
branch  2 taken 0
        2:  418-block  1
call    3 returned 2
branch  4 taken 0 (fallthrough)
branch  5 taken 2
    %%%%%:  418-block  2
        2:  418-block  3
        2:  418-block  4
        -:  419:}
        -:  420:
        -:  421:// Returns true if and only if test_suite contains at least one test that
        -:  422:// should run.
function _ZN7testing8internalL18ShouldRunTestSuiteEPKNS_9TestSuiteE called 2 returned 100% blocks executed 100%
        2:  423:static bool ShouldRunTestSuite(const TestSuite* test_suite) {
        2:  424:  return test_suite->should_run();
        2:  424-block  0
call    0 returned 2
        -:  425:}
        -:  426:
        -:  427:// AssertHelper constructor.
function _ZN7testing8internal12AssertHelperC2ENS_14TestPartResult4TypeEPKciS5_ called 0 returned 0% blocks executed 0%
    #####:  428:AssertHelper::AssertHelper(TestPartResult::Type type, const char* file,
    #####:  429:                           int line, const char* message)
    #####:  430:    : data_(new AssertHelperData(type, file, line, message)) {}
    %%%%%:  430-block  0
call    0 never executed
call    1 never executed
branch  2 never executed
branch  3 never executed
    %%%%%:  430-block  1
    $$$$$:  430-block  2
call    4 never executed
        -:  431:
function _ZN7testing8internal12AssertHelperD2Ev called 0 returned 0% blocks executed 0%
    #####:  432:AssertHelper::~AssertHelper() { delete data_; }
    %%%%%:  432-block  0
branch  0 never executed
branch  1 never executed
    %%%%%:  432-block  1
call    2 never executed
call    3 never executed
        -:  433:
        -:  434:// Message assignment, for assertion streaming support.
function _ZNK7testing8internal12AssertHelperaSERKNS_7MessageE called 0 returned 0% blocks executed 0%
    #####:  435:void AssertHelper::operator=(const Message& message) const {
    #####:  436:  UnitTest::GetInstance()->AddTestPartResult(
    %%%%%:  436-block  0
call    0 never executed
    #####:  437:      data_->type, data_->file, data_->line,
    %%%%%:  437-block  0
call    0 never executed
branch  1 never executed
branch  2 never executed
    #####:  438:      AppendUserMessage(data_->message, message),
call    0 never executed
branch  1 never executed
branch  2 never executed
    %%%%%:  438-block  0
call    3 never executed
    $$$$$:  438-block  1
call    4 never executed
    $$$$$:  438-block  2
    #####:  439:      UnitTest::GetInstance()->impl()->CurrentOsStackTraceExceptTop(1)
call    0 never executed
call    1 never executed
call    2 never executed
call    3 never executed
    $$$$$:  439-block  0
call    4 never executed
        -:  440:      // Skips the stack frame for this function itself.
        -:  441:  );  // NOLINT
    #####:  442:}
        -:  443:
        -:  444:namespace {
        -:  445:
        -:  446:// When TEST_P is found without a matching INSTANTIATE_TEST_SUITE_P
        -:  447:// to creates test cases for it, a synthetic test case is
        -:  448:// inserted to report ether an error or a log message.
        -:  449://
        -:  450:// This configuration bit will likely be removed at some point.
        -:  451:constexpr bool kErrorOnUninstantiatedParameterizedTest = true;
        -:  452:constexpr bool kErrorOnUninstantiatedTypeParameterizedTest = true;
        -:  453:
        -:  454:// A test that fails at a given file/line location with a given message.
        -:  455:class FailureTest : public Test {
        -:  456: public:
function _ZN7testing8internal12_GLOBAL__N_111FailureTestC2ERKNS0_12CodeLocationENSt7__cxx1112basic_stringIcSt11char_traitsIcESaIcEEEb called 0 returned 0% blocks executed 0%
    #####:  457:  explicit FailureTest(const CodeLocation& loc, std::string error_message,
        -:  458:                       bool as_error)
    #####:  459:      : loc_(loc),
    #####:  460:        error_message_(std::move(error_message)),
    #####:  461:        as_error_(as_error) {}
    %%%%%:  461-block  0
call    0 never executed
call    1 never executed
branch  2 never executed
branch  3 never executed
    %%%%%:  461-block  1
call    4 never executed
call    5 never executed
    $$$$$:  461-block  2
call    6 never executed
        -:  462:
function _ZN7testing8internal12_GLOBAL__N_111FailureTest8TestBodyEv called 0 returned 0% blocks executed 0%
    #####:  463:  void TestBody() override {
    #####:  464:    if (as_error_) {
    %%%%%:  464-block  0
branch  0 never executed
branch  1 never executed
    #####:  465:      AssertHelper(TestPartResult::kNonFatalFailure, loc_.file.c_str(),
call    0 never executed
branch  1 never executed
branch  2 never executed
    %%%%%:  465-block  0
call    3 never executed
    $$$$$:  465-block  1
call    4 never executed
    $$$$$:  465-block  2
    #####:  466:                   loc_.line, "") = Message() << error_message_;
    %%%%%:  466-block  0
call    0 never executed
call    1 never executed
branch  2 never executed
branch  3 never executed
    %%%%%:  466-block  1
call    4 never executed
    %%%%%:  466-block  2
call    5 never executed
branch  6 never executed
branch  7 never executed
call    8 never executed
    $$$$$:  466-block  3
call    9 never executed
        -:  467:    } else {
    #####:  468:      std::cout << error_message_ << std::endl;
    %%%%%:  468-block  0
call    0 never executed
call    1 never executed
        -:  469:    }
    #####:  470:  }
    %%%%%:  470-block  0
        -:  471:
        -:  472: private:
        -:  473:  const CodeLocation loc_;
        -:  474:  const std::string error_message_;
        -:  475:  const bool as_error_;
        -:  476:};
        -:  477:
        -:  478:}  // namespace
        -:  479:
function _ZN7testing8internal33GetIgnoredParameterizedTestSuitesB5cxx11Ev called 1 returned 100% blocks executed 100%
        1:  480:std::set<std::string>* GetIgnoredParameterizedTestSuites() {
        1:  481:  return UnitTest::GetInstance()->impl()->ignored_parameterized_test_suites();
        1:  481-block  0
call    0 returned 1
call    1 returned 1
call    2 returned 1
        -:  482:}
        -:  483:
        -:  484:// Add a given test_suit to the list of them allow to go un-instantiated.
function _ZN7testing8internal13MarkAsIgnoredC2EPKc called 0 returned 0% blocks executed 0%
    #####:  485:MarkAsIgnored::MarkAsIgnored(const char* test_suite) {
    #####:  486:  GetIgnoredParameterizedTestSuites()->insert(test_suite);
    %%%%%:  486-block  0
call    0 never executed
call    1 never executed
call    2 never executed
branch  3 never executed
branch  4 never executed
    %%%%%:  486-block  1
call    5 never executed
branch  6 never executed
branch  7 never executed
    %%%%%:  486-block  2
call    8 never executed
call    9 never executed
    $$$$$:  486-block  3
call   10 never executed
    $$$$$:  486-block  4
    $$$$$:  486-block  5
call   11 never executed
    #####:  487:}
        -:  488:
        -:  489:// If this parameterized test suite has no instantiations (and that
        -:  490:// has not been marked as okay), emit a test case reporting that.
function _ZN7testing8internal23InsertSyntheticTestCaseERKNSt7__cxx1112basic_stringIcSt11char_traitsIcESaIcEEENS0_12CodeLocationEb called 0 returned 0% blocks executed 0%
    #####:  491:void InsertSyntheticTestCase(const std::string& name, CodeLocation location,
        -:  492:                             bool has_test_p) {
    #####:  493:  const auto& ignored = *GetIgnoredParameterizedTestSuites();
    %%%%%:  493-block  0
call    0 never executed
branch  1 never executed
branch  2 never executed
    #####:  494:  if (ignored.find(name) != ignored.end()) return;
    %%%%%:  494-block  0
call    0 never executed
call    1 never executed
branch  2 never executed
branch  3 never executed
    %%%%%:  494-block  1
call    4 never executed
branch  5 never executed
branch  6 never executed
    %%%%%:  494-block  2
    $$$$$:  494-block  3
        -:  495:
    #####:  496:  const char kMissingInstantiation[] =  //
        -:  497:      " is defined via TEST_P, but never instantiated. None of the test cases "
        -:  498:      "will run. Either no INSTANTIATE_TEST_SUITE_P is provided or the only "
        -:  499:      "ones provided expand to nothing."
        -:  500:      "\n\n"
        -:  501:      "Ideally, TEST_P definitions should only ever be included as part of "
        -:  502:      "binaries that intend to use them. (As opposed to, for example, being "
        -:  503:      "placed in a library that may be linked in to get other utilities.)";
        -:  504:
    #####:  505:  const char kMissingTestCase[] =  //
        -:  506:      " is instantiated via INSTANTIATE_TEST_SUITE_P, but no tests are "
        -:  507:      "defined via TEST_P . No test cases will run."
        -:  508:      "\n\n"
        -:  509:      "Ideally, INSTANTIATE_TEST_SUITE_P should only ever be invoked from "
        -:  510:      "code that always depend on code that provides TEST_P. Failing to do "
        -:  511:      "so is often an indication of dead code, e.g. the last TEST_P was "
        -:  512:      "removed but the rest got left behind.";
        -:  513:
        -:  514:  std::string message =
    #####:  515:      "Parameterized test suite " + name +
    %%%%%:  515-block  0
branch  0 never executed
branch  1 never executed
    %%%%%:  515-block  1
    %%%%%:  515-block  2
    %%%%%:  515-block  3
call    2 never executed
branch  3 never executed
branch  4 never executed
    %%%%%:  515-block  4
call    5 never executed
branch  6 never executed
branch  7 never executed
call    8 never executed
    $$$$$:  515-block  5
    $$$$$:  515-block  6
    #####:  516:      (has_test_p ? kMissingInstantiation : kMissingTestCase) +
    %%%%%:  516-block  0
call    0 never executed
branch  1 never executed
branch  2 never executed
call    3 never executed
    $$$$$:  516-block  1
        -:  517:      "\n\n"
        -:  518:      "To suppress this error for this test suite, insert the following line "
        -:  519:      "(in a non-header) in the namespace it is defined in:"
        -:  520:      "\n\n"
    #####:  521:      "GTEST_ALLOW_UNINSTANTIATED_PARAMETERIZED_TEST(" +
    %%%%%:  521-block  0
call    0 never executed
branch  1 never executed
branch  2 never executed
call    3 never executed
    $$$$$:  521-block  1
    #####:  522:      name + ");";
    %%%%%:  522-block  0
call    0 never executed
branch  1 never executed
branch  2 never executed
call    3 never executed
    $$$$$:  522-block  1
call    4 never executed
        -:  523:
    #####:  524:  std::string full_name = "UninstantiatedParameterizedTestSuite<" + name + ">";
call    0 never executed
branch  1 never executed
branch  2 never executed
    %%%%%:  524-block  0
call    3 never executed
branch  4 never executed
branch  5 never executed
    $$$$$:  524-block  1
    $$$$$:  524-block  2
call    6 never executed
    #####:  525:  RegisterTest(  //
call    0 never executed
branch  1 never executed
branch  2 never executed
    %%%%%:  525-block  0
call    3 never executed
branch  4 never executed
branch  5 never executed
    %%%%%:  525-block  1
call    6 never executed
call    7 never executed
call    8 never executed
branch  9 never executed
branch 10 never executed
    %%%%%:  525-block  2
call   11 never executed
call   12 never executed
    $$$$$:  525-block  3
call   13 never executed
    $$$$$:  525-block  4
        -:  526:      "GoogleTestVerification", full_name.c_str(),
        -:  527:      nullptr,  // No type parameter.
        -:  528:      nullptr,  // No value parameter.
function _ZZN7testing8internal23InsertSyntheticTestCaseERKNSt7__cxx1112basic_stringIcSt11char_traitsIcESaIcEEENS0_12CodeLocationEbENKUlvE_clEv called 0 returned 0% blocks executed 0%
    #####:  529:      location.file.c_str(), location.line, [message, location] {
    #####:  530:        return new FailureTest(location, message,
    #####:  531:                               kErrorOnUninstantiatedParameterizedTest);
    %%%%%:  531-block  0
call    0 never executed
call    1 never executed
branch  2 never executed
branch  3 never executed
    %%%%%:  531-block  1
call    4 never executed
branch  5 never executed
branch  6 never executed
    %%%%%:  531-block  2
call    7 never executed
    %%%%%:  531-block  3
    $$$$$:  531-block  4
call    8 never executed
    $$$$$:  531-block  5
call    9 never executed
        -:  532:      });
        -:  533:}
        -:  534:
function _ZN7testing8internal34RegisterTypeParameterizedTestSuiteEPKcNS0_12CodeLocationE called 0 returned 0% blocks executed 0%
    #####:  535:void RegisterTypeParameterizedTestSuite(const char* test_suite_name,
        -:  536:                                        CodeLocation code_location) {
    #####:  537:  GetUnitTestImpl()->type_parameterized_test_registry().RegisterTestSuite(
    %%%%%:  537-block  0
call    0 never executed
call    1 never executed
call    2 never executed
call    3 never executed
branch  4 never executed
branch  5 never executed
    %%%%%:  537-block  1
call    6 never executed
    $$$$$:  537-block  2
call    7 never executed
        -:  538:      test_suite_name, code_location);
    #####:  539:}
        -:  540:
function _ZN7testing8internal47RegisterTypeParameterizedTestSuiteInstantiationEPKc called 0 returned 0% blocks executed 0%
    #####:  541:void RegisterTypeParameterizedTestSuiteInstantiation(const char* case_name) {
    #####:  542:  GetUnitTestImpl()->type_parameterized_test_registry().RegisterInstantiation(
    %%%%%:  542-block  0
call    0 never executed
call    1 never executed
call    2 never executed
        -:  543:      case_name);
    #####:  544:}
        -:  545:
function _ZN7testing8internal34TypeParameterizedTestSuiteRegistry17RegisterTestSuiteEPKcNS0_12CodeLocationE called 0 returned 0% blocks executed 0%
    #####:  546:void TypeParameterizedTestSuiteRegistry::RegisterTestSuite(
        -:  547:    const char* test_suite_name, CodeLocation code_location) {
    #####:  548:  suites_.emplace(std::string(test_suite_name),
    %%%%%:  548-block  0
call    0 never executed
call    1 never executed
branch  2 never executed
branch  3 never executed
    %%%%%:  548-block  1
call    4 never executed
call    5 never executed
    $$$$$:  548-block  2
call    6 never executed
    $$$$$:  548-block  3
    $$$$$:  548-block  4
call    7 never executed
    $$$$$:  548-block  5
    #####:  549:                  TypeParameterizedTestSuiteInfo(code_location));
    %%%%%:  549-block  0
call    0 never executed
call    1 never executed
branch  2 never executed
branch  3 never executed
    %%%%%:  549-block  1
call    4 never executed
branch  5 never executed
branch  6 never executed
call    7 never executed
call    8 never executed
    $$$$$:  549-block  2
call    9 never executed
    $$$$$:  549-block  3
    $$$$$:  549-block  4
call   10 never executed
    #####:  550:}
        -:  551:
function _ZN7testing8internal34TypeParameterizedTestSuiteRegistry21RegisterInstantiationEPKc called 0 returned 0% blocks executed 0%
    #####:  552:void TypeParameterizedTestSuiteRegistry::RegisterInstantiation(
        -:  553:    const char* test_suite_name) {
    #####:  554:  auto it = suites_.find(std::string(test_suite_name));
    %%%%%:  554-block  0
call    0 never executed
call    1 never executed
branch  2 never executed
branch  3 never executed
    %%%%%:  554-block  1
call    4 never executed
branch  5 never executed
branch  6 never executed
    %%%%%:  554-block  2
call    7 never executed
call    8 never executed
    $$$$$:  554-block  3
call    9 never executed
    $$$$$:  554-block  4
    $$$$$:  554-block  5
call   10 never executed
    $$$$$:  554-block  6
    #####:  555:  if (it != suites_.end()) {
call    0 never executed
call    1 never executed
branch  2 never executed
branch  3 never executed
    #####:  556:    it->second.instantiated = true;
    %%%%%:  556-block  0
call    0 never executed
        -:  557:  } else {
    #####:  558:    GTEST_LOG_(ERROR) << "Unknown type parameterized test suit '"
    %%%%%:  558-block  0
call    0 never executed
branch  1 never executed
branch  2 never executed
    %%%%%:  558-block  1
call    3 never executed
    %%%%%:  558-block  2
call    4 never executed
    $$$$$:  558-block  3
call    5 never executed
    $$$$$:  558-block  4
    #####:  559:                      << test_suite_name << "'";
call    0 never executed
branch  1 never executed
branch  2 never executed
    %%%%%:  559-block  0
call    3 never executed
branch  4 never executed
branch  5 never executed
    %%%%%:  559-block  1
call    6 never executed
branch  7 never executed
branch  8 never executed
        -:  560:  }
    #####:  561:}
    %%%%%:  561-block  0
        -:  562:
function _ZN7testing8internal34TypeParameterizedTestSuiteRegistry22CheckForInstantiationsEv called 1 returned 100% blocks executed 12%
        1:  563:void TypeParameterizedTestSuiteRegistry::CheckForInstantiations() {
        1:  564:  const auto& ignored = *GetIgnoredParameterizedTestSuites();
        1:  564-block  0
call    0 returned 1
       1*:  565:  for (const auto& testcase : suites_) {
call    0 returned 1
call    1 returned 1
        1:  565-block  0
call    2 returned 1
branch  3 taken 0 (fallthrough)
branch  4 taken 1
    %%%%%:  565-block  1
call    5 never executed
    %%%%%:  565-block  2
call    6 never executed
    #####:  566:    if (testcase.second.instantiated) continue;
branch  0 never executed
branch  1 never executed
    %%%%%:  566-block  0
    %%%%%:  566-block  1
    #####:  567:    if (ignored.find(testcase.first) != ignored.end()) continue;
    %%%%%:  567-block  0
call    0 never executed
call    1 never executed
branch  2 never executed
branch  3 never executed
    %%%%%:  567-block  1
call    4 never executed
branch  5 never executed
branch  6 never executed
    %%%%%:  567-block  2
    $$$$$:  567-block  3
        -:  568:
        -:  569:    std::string message =
    #####:  570:        "Type parameterized test suite " + testcase.first +
    %%%%%:  570-block  0
call    0 never executed
branch  1 never executed
branch  2 never executed
call    3 never executed
    $$$$$:  570-block  1
    $$$$$:  570-block  2
        -:  571:        " is defined via REGISTER_TYPED_TEST_SUITE_P, but never instantiated "
        -:  572:        "via INSTANTIATE_TYPED_TEST_SUITE_P. None of the test cases will run."
        -:  573:        "\n\n"
        -:  574:        "Ideally, TYPED_TEST_P definitions should only ever be included as "
        -:  575:        "part of binaries that intend to use them. (As opposed to, for "
        -:  576:        "example, being placed in a library that may be linked in to get other "
        -:  577:        "utilities.)"
        -:  578:        "\n\n"
        -:  579:        "To suppress this error for this test suite, insert the following line "
        -:  580:        "(in a non-header) in the namespace it is defined in:"
        -:  581:        "\n\n"
    #####:  582:        "GTEST_ALLOW_UNINSTANTIATED_PARAMETERIZED_TEST(" +
    %%%%%:  582-block  0
call    0 never executed
branch  1 never executed
branch  2 never executed
call    3 never executed
    $$$$$:  582-block  1
    #####:  583:        testcase.first + ");";
    %%%%%:  583-block  0
call    0 never executed
branch  1 never executed
branch  2 never executed
    %%%%%:  583-block  1
call    3 never executed
branch  4 never executed
branch  5 never executed
call    6 never executed
    $$$$$:  583-block  2
call    7 never executed
        -:  584:
        -:  585:    std::string full_name =
    #####:  586:        "UninstantiatedTypeParameterizedTestSuite<" + testcase.first + ">";
call    0 never executed
branch  1 never executed
branch  2 never executed
    %%%%%:  586-block  0
call    3 never executed
branch  4 never executed
branch  5 never executed
    $$$$$:  586-block  1
    $$$$$:  586-block  2
call    6 never executed
    #####:  587:    RegisterTest(  //
call    0 never executed
branch  1 never executed
branch  2 never executed
    %%%%%:  587-block  0
call    3 never executed
branch  4 never executed
branch  5 never executed
call    6 never executed
call    7 never executed
branch  8 never executed
branch  9 never executed
    %%%%%:  587-block  1
call   10 never executed
call   11 never executed
    $$$$$:  587-block  2
call   12 never executed
    $$$$$:  587-block  3
        -:  588:        "GoogleTestVerification", full_name.c_str(),
        -:  589:        nullptr,  // No type parameter.
        -:  590:        nullptr,  // No value parameter.
        -:  591:        testcase.second.code_location.file.c_str(),
function _ZZN7testing8internal34TypeParameterizedTestSuiteRegistry22CheckForInstantiationsEvENKUlvE_clEv called 0 returned 0% blocks executed 0%
    #####:  592:        testcase.second.code_location.line, [message, testcase] {
    %%%%%:  592-block  0
call    0 never executed
    #####:  593:          return new FailureTest(testcase.second.code_location, message,
    #####:  594:                                 kErrorOnUninstantiatedTypeParameterizedTest);
    %%%%%:  594-block  0
call    0 never executed
call    1 never executed
branch  2 never executed
branch  3 never executed
    %%%%%:  594-block  1
call    4 never executed
branch  5 never executed
branch  6 never executed
    %%%%%:  594-block  2
call    7 never executed
    %%%%%:  594-block  3
    $$$$$:  594-block  4
call    8 never executed
    $$$$$:  594-block  5
call    9 never executed
        -:  595:        });
        -:  596:  }
        1:  597:}
        1:  597-block  0
        -:  598:
        -:  599:// A copy of all command line arguments.  Set by InitGoogleTest().
        -:  600:static ::std::vector<std::string> g_argvs;
        -:  601:
function _ZN7testing8internal8GetArgvsB5cxx11Ev called 2 returned 100% blocks executed 100%
        2:  602:::std::vector<std::string> GetArgvs() {
        -:  603:#if defined(GTEST_CUSTOM_GET_ARGVS_)
        -:  604:  // GTEST_CUSTOM_GET_ARGVS_() may return a container of std::string or
        -:  605:  // ::string. This code converts it to the appropriate type.
        -:  606:  const auto& custom = GTEST_CUSTOM_GET_ARGVS_();
        -:  607:  return ::std::vector<std::string>(custom.begin(), custom.end());
        -:  608:#else   // defined(GTEST_CUSTOM_GET_ARGVS_)
        2:  609:  return g_argvs;
        2:  609-block  0
call    0 returned 2
        -:  610:#endif  // defined(GTEST_CUSTOM_GET_ARGVS_)
        -:  611:}
        -:  612:
        -:  613:// Returns the current application's name, removing directory path if that
        -:  614:// is present.
function _ZN7testing8internal24GetCurrentExecutableNameEv called 0 returned 0% blocks executed 0%
    #####:  615:FilePath GetCurrentExecutableName() {
    #####:  616:  FilePath result;
    %%%%%:  616-block  0
call    0 never executed
branch  1 never executed
branch  2 never executed
    %%%%%:  616-block  1
call    3 never executed
    $$$$$:  616-block  2
call    4 never executed
        -:  617:
        -:  618:#if GTEST_OS_WINDOWS || GTEST_OS_OS2
        -:  619:  result.Set(FilePath(GetArgvs()[0]).RemoveExtension("exe"));
        -:  620:#else
    #####:  621:  result.Set(FilePath(GetArgvs()[0]));
    %%%%%:  621-block  0
call    0 never executed
branch  1 never executed
branch  2 never executed
    %%%%%:  621-block  1
call    3 never executed
call    4 never executed
branch  5 never executed
branch  6 never executed
    %%%%%:  621-block  2
call    7 never executed
branch  8 never executed
branch  9 never executed
    %%%%%:  621-block  3
call   10 never executed
call   11 never executed
    $$$$$:  621-block  4
call   12 never executed
    $$$$$:  621-block  5
    $$$$$:  621-block  6
call   13 never executed
    $$$$$:  621-block  7
        -:  622:#endif  // GTEST_OS_WINDOWS
        -:  623:
    #####:  624:  return result.RemoveDirectoryName();
call    0 never executed
branch  1 never executed
branch  2 never executed
    %%%%%:  624-block  0
        -:  625:}
        -:  626:
        -:  627:// Functions for processing the gtest_output flag.
        -:  628:
        -:  629:// Returns the output format, or "" for normal printed output.
function _ZN7testing8internal15UnitTestOptions15GetOutputFormatB5cxx11Ev called 1 returned 100% blocks executed 48%
        1:  630:std::string UnitTestOptions::GetOutputFormat() {
        1:  631:  std::string s = GTEST_FLAG_GET(output);
        1:  631-block  0
call    0 returned 1
branch  1 taken 1 (fallthrough)
branch  2 taken 0 (throw)
    $$$$$:  631-block  1
call    3 never executed
        1:  632:  const char* const gtest_output_flag = s.c_str();
        1:  632-block  0
call    0 returned 1
        1:  633:  const char* const colon = strchr(gtest_output_flag, ':');
        -:  634:  return (colon == nullptr)
        -:  635:             ? std::string(gtest_output_flag)
        -:  636:             : std::string(gtest_output_flag,
       2*:  637:                           static_cast<size_t>(colon - gtest_output_flag));
branch  0 taken 1 (fallthrough)
branch  1 taken 0
        1:  637-block  0
call    2 returned 1
call    3 returned 1
branch  4 taken 1 (fallthrough)
branch  5 taken 0 (throw)
    %%%%%:  637-block  1
call    6 never executed
call    7 never executed
branch  8 never executed
branch  9 never executed
        1:  637-block  2
branch 10 taken 0 (fallthrough)
branch 11 taken 1
    %%%%%:  637-block  3
call   12 never executed
        1:  637-block  4
branch 13 taken 1 (fallthrough)
branch 14 taken 0
        1:  637-block  5
call   15 returned 1
        1:  637-block  6
call   16 returned 1
        1:  637-block  7
    $$$$$:  637-block  8
branch 17 never executed
branch 18 never executed
    $$$$$:  637-block  9
call   19 never executed
    $$$$$:  637-block 10
    $$$$$:  637-block 11
branch 20 never executed
branch 21 never executed
    $$$$$:  637-block 12
call   22 never executed
    $$$$$:  637-block 13
        -:  638:}
        -:  639:
        -:  640:// Returns the name of the requested output file, or the default if none
        -:  641:// was explicitly specified.
function _ZN7testing8internal15UnitTestOptions27GetAbsolutePathToOutputFileB5cxx11Ev called 0 returned 0% blocks executed 0%
    #####:  642:std::string UnitTestOptions::GetAbsolutePathToOutputFile() {
    #####:  643:  std::string s = GTEST_FLAG_GET(output);
    %%%%%:  643-block  0
call    0 never executed
branch  1 never executed
branch  2 never executed
call    3 never executed
    $$$$$:  643-block  1
call    4 never executed
    #####:  644:  const char* const gtest_output_flag = s.c_str();
    %%%%%:  644-block  0
call    0 never executed
        -:  645:
    #####:  646:  std::string format = GetOutputFormat();
call    0 never executed
branch  1 never executed
branch  2 never executed
    %%%%%:  646-block  0
call    3 never executed
    $$$$$:  646-block  1
call    4 never executed
    #####:  647:  if (format.empty()) format = std::string(kDefaultOutputFormat);
    %%%%%:  647-block  0
call    0 never executed
branch  1 never executed
branch  2 never executed
    %%%%%:  647-block  1
call    3 never executed
call    4 never executed
branch  5 never executed
branch  6 never executed
    %%%%%:  647-block  2
call    7 never executed
call    8 never executed
call    9 never executed
    $$$$$:  647-block  3
call   10 never executed
    $$$$$:  647-block  4
        -:  648:
    #####:  649:  const char* const colon = strchr(gtest_output_flag, ':');
    #####:  650:  if (colon == nullptr)
    %%%%%:  650-block  0
branch  0 never executed
branch  1 never executed
    #####:  651:    return internal::FilePath::MakeFileName(
    %%%%%:  651-block  0
call    0 never executed
    %%%%%:  651-block  1
call    1 never executed
branch  2 never executed
branch  3 never executed
    %%%%%:  651-block  2
call    4 never executed
    $$$$$:  651-block  3
call    5 never executed
    $$$$$:  651-block  4
    #####:  652:               internal::FilePath(
    %%%%%:  652-block  0
call    0 never executed
call    1 never executed
branch  2 never executed
branch  3 never executed
    %%%%%:  652-block  1
call    4 never executed
call    5 never executed
branch  6 never executed
branch  7 never executed
    %%%%%:  652-block  2
call    8 never executed
branch  9 never executed
branch 10 never executed
call   11 never executed
call   12 never executed
call   13 never executed
    $$$$$:  652-block  3
call   14 never executed
    $$$$$:  652-block  4
    $$$$$:  652-block  5
call   15 never executed
    $$$$$:  652-block  6
    $$$$$:  652-block  7
call   16 never executed
    $$$$$:  652-block  8
        -:  653:                   UnitTest::GetInstance()->original_working_dir()),
    #####:  654:               internal::FilePath(kDefaultOutputFile), 0, format.c_str())
call    0 never executed
call    1 never executed
branch  2 never executed
branch  3 never executed
    %%%%%:  654-block  0
call    4 never executed
branch  5 never executed
branch  6 never executed
call    7 never executed
call    8 never executed
call    9 never executed
    $$$$$:  654-block  1
call   10 never executed
    $$$$$:  654-block  2
    $$$$$:  654-block  3
call   11 never executed
    $$$$$:  654-block  4
    $$$$$:  654-block  5
call   12 never executed
    $$$$$:  654-block  6
    #####:  655:        .string();
    %%%%%:  655-block  0
call    0 never executed
call    1 never executed
branch  2 never executed
branch  3 never executed
        -:  656:
    #####:  657:  internal::FilePath output_name(colon + 1);
    %%%%%:  657-block  0
call    0 never executed
call    1 never executed
branch  2 never executed
branch  3 never executed
    %%%%%:  657-block  1
call    4 never executed
branch  5 never executed
branch  6 never executed
call    7 never executed
    %%%%%:  657-block  2
call    8 never executed
    $$$$$:  657-block  3
    $$$$$:  657-block  4
    $$$$$:  657-block  5
call    9 never executed
    #####:  658:  if (!output_name.IsAbsolutePath())
call    0 never executed
branch  1 never executed
branch  2 never executed
    #####:  659:    output_name = internal::FilePath::ConcatPaths(
    %%%%%:  659-block  0
call    0 never executed
branch  1 never executed
branch  2 never executed
    %%%%%:  659-block  1
call    3 never executed
    $$$$$:  659-block  2
call    4 never executed
    $$$$$:  659-block  3
    #####:  660:        internal::FilePath(UnitTest::GetInstance()->original_working_dir()),
    %%%%%:  660-block  0
call    0 never executed
call    1 never executed
branch  2 never executed
branch  3 never executed
    %%%%%:  660-block  1
call    4 never executed
call    5 never executed
branch  6 never executed
branch  7 never executed
    %%%%%:  660-block  2
call    8 never executed
branch  9 never executed
branch 10 never executed
call   11 never executed
call   12 never executed
call   13 never executed
    $$$$$:  660-block  3
call   14 never executed
    $$$$$:  660-block  4
    $$$$$:  660-block  5
call   15 never executed
    $$$$$:  660-block  6
    $$$$$:  660-block  7
call   16 never executed
    $$$$$:  660-block  8
    #####:  661:        internal::FilePath(colon + 1));
    %%%%%:  661-block  0
call    0 never executed
call    1 never executed
branch  2 never executed
branch  3 never executed
    %%%%%:  661-block  1
call    4 never executed
branch  5 never executed
branch  6 never executed
    %%%%%:  661-block  2
call    7 never executed
branch  8 never executed
branch  9 never executed
call   10 never executed
call   11 never executed
call   12 never executed
    $$$$$:  661-block  3
call   13 never executed
    $$$$$:  661-block  4
    $$$$$:  661-block  5
call   14 never executed
    $$$$$:  661-block  6
    $$$$$:  661-block  7
call   15 never executed
    $$$$$:  661-block  8
        -:  662:
    #####:  663:  if (!output_name.IsDirectory()) return output_name.string();
    %%%%%:  663-block  0
call    0 never executed
branch  1 never executed
branch  2 never executed
    %%%%%:  663-block  1
call    3 never executed
call    4 never executed
branch  5 never executed
branch  6 never executed
        -:  664:
        -:  665:  internal::FilePath result(internal::FilePath::GenerateUniqueFileName(
    #####:  666:      output_name, internal::GetCurrentExecutableName(),
call    0 never executed
branch  1 never executed
branch  2 never executed
call    3 never executed
    $$$$$:  666-block  0
    #####:  667:      GetOutputFormat().c_str()));
    %%%%%:  667-block  0
call    0 never executed
branch  1 never executed
branch  2 never executed
    %%%%%:  667-block  1
call    3 never executed
    %%%%%:  667-block  2
call    4 never executed
branch  5 never executed
branch  6 never executed
    %%%%%:  667-block  3
call    7 never executed
    $$$$$:  667-block  4
    $$$$$:  667-block  5
call    8 never executed
    #####:  668:  return result.string();
call    0 never executed
call    1 never executed
branch  2 never executed
branch  3 never executed
        -:  669:}
        -:  670:
        -:  671:// Returns true if and only if the wildcard pattern matches the string. Each
        -:  672:// pattern consists of regular characters, single-character wildcards (?), and
        -:  673:// multi-character wildcards (*).
        -:  674://
        -:  675:// This function implements a linear-time string globbing algorithm based on
        -:  676:// https://research.swtch.com/glob.
function _ZN7testing8internalL20PatternMatchesStringERKNSt7__cxx1112basic_stringIcSt11char_traitsIcESaIcEEEPKcSA_ called 17 returned 100% blocks executed 83%
       17:  677:static bool PatternMatchesString(const std::string& name_str,
        -:  678:                                 const char* pattern, const char* pattern_end) {
       17:  679:  const char* name = name_str.c_str();
       17:  679-block  0
call    0 returned 17
       17:  680:  const char* const name_begin = name;
       17:  681:  const char* const name_end = name + name_str.size();
call    0 returned 17
        -:  682:
       17:  683:  const char* pattern_next = pattern;
       17:  684:  const char* name_next = name;
        -:  685:
      334:  686:  while (pattern < pattern_end || name < name_end) {
      334:  686-block  0
branch  0 taken 72 (fallthrough)
branch  1 taken 262
       72:  686-block  1
branch  2 taken 69 (fallthrough)
branch  3 taken 3
      317:  686-block  2
      331:  687:    if (pattern < pattern_end) {
      331:  687-block  0
branch  0 taken 262 (fallthrough)
branch  1 taken 69
      262:  688:      switch (*pattern) {
      262:  688-block  0
branch  0 taken 98
branch  1 taken 0
branch  2 taken 164
       98:  689:        default:  // Match an ordinary character.
      98*:  690:          if (name < name_end && *name == *pattern) {
       98:  690-block  0
branch  0 taken 90 (fallthrough)
branch  1 taken 8
       90:  690-block  1
branch  2 taken 0 (fallthrough)
branch  3 taken 90
    #####:  691:            ++pattern;
    #####:  692:            ++name;
    #####:  693:            continue;
    %%%%%:  693-block  0
        -:  694:          }
       98:  695:          break;
       98:  695-block  0
    #####:  696:        case '?':  // Match any single character.
    #####:  697:          if (name < name_end) {
    %%%%%:  697-block  0
branch  0 never executed
branch  1 never executed
    #####:  698:            ++pattern;
    #####:  699:            ++name;
    #####:  700:            continue;
    %%%%%:  700-block  0
        -:  701:          }
    #####:  702:          break;
    %%%%%:  702-block  0
      164:  703:        case '*':
        -:  704:          // Match zero or more characters. Start by skipping over the wildcard
        -:  705:          // and matching zero characters from name. If that fails, restart and
        -:  706:          // match one more character than the last attempt.
      164:  707:          pattern_next = pattern;
      164:  708:          name_next = name + 1;
      164:  709:          ++pattern;
      164:  710:          continue;
      164:  710-block  0
        -:  711:      }
        -:  712:    }
        -:  713:    // Failed to match a character. Restart if possible.
      167:  714:    if (name_begin < name_next && name_next <= name_end) {
      167:  714-block  0
branch  0 taken 161 (fallthrough)
branch  1 taken 6
      161:  714-block  1
branch  2 taken 153 (fallthrough)
branch  3 taken 8
      153:  715:      pattern = pattern_next;
      153:  716:      name = name_next;
      153:  717:      continue;
      153:  717-block  0
        -:  718:    }
       14:  719:    return false;
       14:  719-block  0
        -:  720:  }
        3:  721:  return true;
        3:  721-block  0
        -:  722:}
        -:  723:
        -:  724:namespace {
        -:  725:
function _ZN7testing8internal12_GLOBAL__N_113IsGlobPatternERKNSt7__cxx1112basic_stringIcSt11char_traitsIcESaIcEEE called 5 returned 100% blocks executed 100%
        5:  726:bool IsGlobPattern(const std::string& pattern) {
        5:  727:  return std::any_of(pattern.begin(), pattern.end(),
        5:  727-block  0
call    0 returned 5
call    1 returned 5
call    2 returned 5
function _ZZN7testing8internal12_GLOBAL__N_113IsGlobPatternERKNSt7__cxx1112basic_stringIcSt11char_traitsIcESaIcEEEENKUlcE_clEc called 14 returned 100% blocks executed 100%
       19:  728:                     [](const char c) { return c == '?' || c == '*'; });
       14:  728-block  0
branch  0 taken 14 (fallthrough)
branch  1 taken 0
       14:  728-block  1
branch  2 taken 5 (fallthrough)
branch  3 taken 9
        5:  728-block  2
        9:  728-block  3
       14:  728-block  4
        -:  729:}
        -:  730:
        -:  731:class UnitTestFilter {
        -:  732: public:
function _ZN7testing8internal12_GLOBAL__N_114UnitTestFilterC2Ev called 2 returned 100% blocks executed 100%
        2:  733:  UnitTestFilter() = default;
        2:  733-block  0
call    0 returned 2
call    1 returned 2
        -:  734:
        -:  735:  // Constructs a filter from a string of patterns separated by `:`.
function _ZN7testing8internal12_GLOBAL__N_114UnitTestFilterC2ERKNSt7__cxx1112basic_stringIcSt11char_traitsIcESaIcEEE called 3 returned 100% blocks executed 78%
        3:  736:  explicit UnitTestFilter(const std::string& filter) {
        3:  736-block  0
call    0 returned 3
call    1 returned 3
    $$$$$:  736-block  1
call    2 never executed
    $$$$$:  736-block  2
call    3 never executed
        -:  737:    // By design "" filter matches "" string.
        6:  738:    std::vector<std::string> all_patterns;
call    0 returned 3
        3:  738-block  0
call    1 returned 3
    $$$$$:  738-block  1
call    2 never executed
        3:  739:    SplitString(filter, ':', &all_patterns);
call    0 returned 3
branch  1 taken 3 (fallthrough)
branch  2 taken 0 (throw)
        -:  740:    const auto exact_match_patterns_begin = std::partition(
        3:  741:        all_patterns.begin(), all_patterns.end(), &IsGlobPattern);
        3:  741-block  0
call    0 returned 3
call    1 returned 3
call    2 returned 3
branch  3 taken 3 (fallthrough)
branch  4 taken 0 (throw)
        -:  742:
        6:  743:    glob_patterns_.reserve(static_cast<size_t>(
        3:  744:        std::distance(all_patterns.begin(), exact_match_patterns_begin)));
        3:  744-block  0
call    0 returned 3
call    1 returned 3
branch  2 taken 3 (fallthrough)
branch  3 taken 0 (throw)
        3:  744-block  1
call    4 returned 3
branch  5 taken 3 (fallthrough)
branch  6 taken 0 (throw)
        -:  745:    std::move(all_patterns.begin(), exact_match_patterns_begin,
        3:  746:              std::inserter(glob_patterns_, glob_patterns_.begin()));
        3:  746-block  0
call    0 returned 3
call    1 returned 3
branch  2 taken 3 (fallthrough)
branch  3 taken 0 (throw)
        3:  746-block  1
call    4 returned 3
call    5 returned 3
branch  6 taken 3 (fallthrough)
branch  7 taken 0 (throw)
        -:  747:    std::move(
        -:  748:        exact_match_patterns_begin, all_patterns.end(),
        3:  749:        std::inserter(exact_match_patterns_, exact_match_patterns_.begin()));
        3:  749-block  0
call    0 returned 3
call    1 returned 3
branch  2 taken 3 (fallthrough)
branch  3 taken 0 (throw)
        3:  749-block  1
call    4 returned 3
call    5 returned 3
branch  6 taken 3 (fallthrough)
branch  7 taken 0 (throw)
        3:  750:  }
        -:  751:
        -:  752:  // Returns true if and only if name matches at least one of the patterns in
        -:  753:  // the filter.
function _ZNK7testing8internal12_GLOBAL__N_114UnitTestFilter11MatchesNameERKNSt7__cxx1112basic_stringIcSt11char_traitsIcESaIcEEE called 13 returned 100% blocks executed 100%
       13:  754:  bool MatchesName(const std::string& name) const {
       26:  755:    return exact_match_patterns_.count(name) > 0 ||
       13:  755-block  0
call    0 returned 13
branch  1 taken 13 (fallthrough)
branch  2 taken 0
        3:  755-block  1
       10:  755-block  2
       13:  756:           std::any_of(glob_patterns_.begin(), glob_patterns_.end(),
       13:  756-block  0
call    0 returned 13
call    1 returned 13
call    2 returned 13
branch  3 taken 3 (fallthrough)
branch  4 taken 10
function _ZZNK7testing8internal12_GLOBAL__N_114UnitTestFilter11MatchesNameERKNSt7__cxx1112basic_stringIcSt11char_traitsIcESaIcEEEENKUlSA_E_clESA_ called 17 returned 100% blocks executed 100%
       34:  757:                       [&name](const std::string& pattern) {
       17:  758:                         return PatternMatchesString(
call    0 returned 17
call    1 returned 17
        -:  759:                             name, pattern.c_str(),
       34:  760:                             pattern.c_str() + pattern.size());
       17:  760-block  0
call    0 returned 17
call    1 returned 17
       13:  761:                       });
       13:  761-block  0
        -:  762:  }
        -:  763:
        -:  764: private:
        -:  765:  std::vector<std::string> glob_patterns_;
        -:  766:  std::unordered_set<std::string> exact_match_patterns_;
        -:  767:};
        -:  768:
        -:  769:class PositiveAndNegativeUnitTestFilter {
        -:  770: public:
        -:  771:  // Constructs a positive and a negative filter from a string. The string
        -:  772:  // contains a positive filter optionally followed by a '-' character and a
        -:  773:  // negative filter. In case only a negative filter is provided the positive
        -:  774:  // filter will be assumed "*".
        -:  775:  // A filter is a list of patterns separated by ':'.
function _ZN7testing8internal12_GLOBAL__N_133PositiveAndNegativeUnitTestFilterC2ERKNSt7__cxx1112basic_stringIcSt11char_traitsIcESaIcEEE called 1 returned 100% blocks executed 23%
        1:  776:  explicit PositiveAndNegativeUnitTestFilter(const std::string& filter) {
        1:  776-block  0
call    0 returned 1
call    1 returned 1
    $$$$$:  776-block  1
call    2 never executed
    $$$$$:  776-block  2
call    3 never executed
        2:  777:    std::vector<std::string> positive_and_negative_filters;
call    0 returned 1
        1:  777-block  0
call    1 returned 1
    $$$$$:  777-block  1
call    2 never executed
        -:  778:
        -:  779:    // NOTE: `SplitString` always returns a non-empty container.
        1:  780:    SplitString(filter, '-', &positive_and_negative_filters);
call    0 returned 1
branch  1 taken 1 (fallthrough)
branch  2 taken 0 (throw)
        1:  781:    const auto& positive_filter = positive_and_negative_filters.front();
        1:  781-block  0
call    0 returned 1
        -:  782:
        1:  783:    if (positive_and_negative_filters.size() > 1) {
call    0 returned 1
branch  1 taken 0 (fallthrough)
branch  2 taken 1
    #####:  784:      positive_filter_ = UnitTestFilter(
    %%%%%:  784-block  0
call    0 never executed
branch  1 never executed
branch  2 never executed
call    3 never executed
    #####:  785:          positive_filter.empty() ? kUniversalFilter : positive_filter);
    %%%%%:  785-block  0
call    0 never executed
branch  1 never executed
branch  2 never executed
    %%%%%:  785-block  1
call    3 never executed
call    4 never executed
branch  5 never executed
branch  6 never executed
    %%%%%:  785-block  2
call    7 never executed
branch  8 never executed
branch  9 never executed
    %%%%%:  785-block  3
call   10 never executed
call   11 never executed
branch 12 never executed
branch 13 never executed
    %%%%%:  785-block  4
call   14 never executed
    $$$$$:  785-block  5
call   15 never executed
    $$$$$:  785-block  6
    $$$$$:  785-block  7
branch 16 never executed
branch 17 never executed
    $$$$$:  785-block  8
call   18 never executed
    $$$$$:  785-block  9
        -:  786:
        -:  787:      // TODO(b/214626361): Fail on multiple '-' characters
        -:  788:      // For the moment to preserve old behavior we concatenate the rest of the
        -:  789:      // string parts with `-` as separator to generate the negative filter.
    #####:  790:      auto negative_filter_string = positive_and_negative_filters[1];
    %%%%%:  790-block  0
call    0 never executed
call    1 never executed
branch  2 never executed
branch  3 never executed
    $$$$$:  790-block  1
call    4 never executed
    #####:  791:      for (std::size_t i = 2; i < positive_and_negative_filters.size(); i++)
    %%%%%:  791-block  0
    %%%%%:  791-block  1
call    0 never executed
branch  1 never executed
branch  2 never executed
        -:  792:        negative_filter_string =
    #####:  793:            negative_filter_string + '-' + positive_and_negative_filters[i];
    %%%%%:  793-block  0
call    0 never executed
call    1 never executed
branch  2 never executed
branch  3 never executed
    %%%%%:  793-block  1
call    4 never executed
branch  5 never executed
branch  6 never executed
    %%%%%:  793-block  2
call    7 never executed
call    8 never executed
call    9 never executed
    $$$$$:  793-block  3
call   10 never executed
    $$$$$:  793-block  4
    #####:  794:      negative_filter_ = UnitTestFilter(negative_filter_string);
    %%%%%:  794-block  0
call    0 never executed
branch  1 never executed
branch  2 never executed
    %%%%%:  794-block  1
call    3 never executed
call    4 never executed
call    5 never executed
        -:  795:    } else {
        -:  796:      // In case we don't have a negative filter and positive filter is ""
        -:  797:      // we do not use kUniversalFilter by design as opposed to when we have a
        -:  798:      // negative filter.
        1:  799:      positive_filter_ = UnitTestFilter(positive_filter);
        1:  799-block  0
call    0 returned 1
branch  1 taken 1 (fallthrough)
branch  2 taken 0 (throw)
        1:  799-block  1
call    3 returned 1
call    4 returned 1
        -:  800:    }
        1:  801:  }
        -:  802:
        -:  803:  // Returns true if and only if test name (this is generated by appending test
        -:  804:  // suit name and test name via a '.' character) matches the positive filter
        -:  805:  // and does not match the negative filter.
function _ZNK7testing8internal12_GLOBAL__N_133PositiveAndNegativeUnitTestFilter11MatchesTestERKNSt7__cxx1112basic_stringIcSt11char_traitsIcESaIcEEESA_ called 3 returned 100% blocks executed 64%
        3:  806:  bool MatchesTest(const std::string& test_suite_name,
        -:  807:                   const std::string& test_name) const {
        3:  808:    return MatchesName(test_suite_name + "." + test_name);
        3:  808-block  0
call    0 returned 3
call    1 returned 3
branch  2 taken 3 (fallthrough)
branch  3 taken 0 (throw)
        3:  808-block  1
call    4 returned 3
branch  5 taken 3 (fallthrough)
branch  6 taken 0 (throw)
        3:  808-block  2
        3:  808-block  3
call    7 returned 3
call    8 returned 3
        3:  808-block  4
    $$$$$:  808-block  5
call    9 never executed
    $$$$$:  808-block  6
    $$$$$:  808-block  7
call   10 never executed
        -:  809:  }
        -:  810:
        -:  811:  // Returns true if and only if name matches the positive filter and does not
        -:  812:  // match the negative filter.
function _ZNK7testing8internal12_GLOBAL__N_133PositiveAndNegativeUnitTestFilter11MatchesNameERKNSt7__cxx1112basic_stringIcSt11char_traitsIcESaIcEEE called 3 returned 100% blocks executed 88%
        3:  813:  bool MatchesName(const std::string& name) const {
       6*:  814:    return positive_filter_.MatchesName(name) &&
        3:  814-block  0
call    0 returned 3
branch  1 taken 3 (fallthrough)
branch  2 taken 0
        3:  814-block  1
    %%%%%:  814-block  2
        6:  815:           !negative_filter_.MatchesName(name);
        3:  815-block  0
call    0 returned 3
branch  1 taken 3 (fallthrough)
branch  2 taken 0
        3:  815-block  1
        -:  816:  }
        -:  817:
        -:  818: private:
        -:  819:  UnitTestFilter positive_filter_;
        -:  820:  UnitTestFilter negative_filter_;
        -:  821:};
        -:  822:}  // namespace
        -:  823:
function _ZN7testing8internal15UnitTestOptions13MatchesFilterERKNSt7__cxx1112basic_stringIcSt11char_traitsIcESaIcEEEPKc called 0 returned 0% blocks executed 0%
    #####:  824:bool UnitTestOptions::MatchesFilter(const std::string& name_str,
        -:  825:                                    const char* filter) {
    #####:  826:  return UnitTestFilter(filter).MatchesName(name_str);
    %%%%%:  826-block  0
call    0 never executed
call    1 never executed
branch  2 never executed
branch  3 never executed
    %%%%%:  826-block  1
call    4 never executed
branch  5 never executed
branch  6 never executed
    %%%%%:  826-block  2
call    7 never executed
branch  8 never executed
branch  9 never executed
    %%%%%:  826-block  3
    %%%%%:  826-block  4
call   10 never executed
call   11 never executed
call   12 never executed
    %%%%%:  826-block  5
    $$$$$:  826-block  6
call   13 never executed
    $$$$$:  826-block  7
    $$$$$:  826-block  8
call   14 never executed
    $$$$$:  826-block  9
    $$$$$:  826-block 10
call   15 never executed
        -:  827:}
        -:  828:
        -:  829:// Returns true if and only if the user-specified filter matches the test
        -:  830:// suite name and the test name.
function _ZN7testing8internal15UnitTestOptions17FilterMatchesTestERKNSt7__cxx1112basic_stringIcSt11char_traitsIcESaIcEEES9_ called 0 returned 0% blocks executed 0%
    #####:  831:bool UnitTestOptions::FilterMatchesTest(const std::string& test_suite_name,
        -:  832:                                        const std::string& test_name) {
        -:  833:  // Split --gtest_filter at '-', if there is one, to separate into
        -:  834:  // positive filter and negative filter portions
    #####:  835:  return PositiveAndNegativeUnitTestFilter(GTEST_FLAG_GET(filter))
    %%%%%:  835-block  0
call    0 never executed
    %%%%%:  835-block  1
call    1 never executed
    $$$$$:  835-block  2
call    2 never executed
    #####:  836:      .MatchesTest(test_suite_name, test_name);
call    0 never executed
branch  1 never executed
branch  2 never executed
    %%%%%:  836-block  0
    %%%%%:  836-block  1
        -:  837:}
        -:  838:
        -:  839:#if GTEST_HAS_SEH
        -:  840:// Returns EXCEPTION_EXECUTE_HANDLER if Google Test should handle the
        -:  841:// given SEH exception, or EXCEPTION_CONTINUE_SEARCH otherwise.
        -:  842:// This function is useful as an __except condition.
        -:  843:int UnitTestOptions::GTestShouldProcessSEH(DWORD exception_code) {
        -:  844:  // Google Test should handle a SEH exception if:
        -:  845:  //   1. the user wants it to, AND
        -:  846:  //   2. this is not a breakpoint exception, AND
        -:  847:  //   3. this is not a C++ exception (VC++ implements them via SEH,
        -:  848:  //      apparently).
        -:  849:  //
        -:  850:  // SEH exception code for C++ exceptions.
        -:  851:  // (see http://support.microsoft.com/kb/185294 for more information).
        -:  852:  const DWORD kCxxExceptionCode = 0xe06d7363;
        -:  853:
        -:  854:  bool should_handle = true;
        -:  855:
        -:  856:  if (!GTEST_FLAG_GET(catch_exceptions))
        -:  857:    should_handle = false;
        -:  858:  else if (exception_code == EXCEPTION_BREAKPOINT)
        -:  859:    should_handle = false;
        -:  860:  else if (exception_code == kCxxExceptionCode)
        -:  861:    should_handle = false;
        -:  862:
[...]
call    0 returned 1
        1: 6581-block  1
call    1 returned 1
    $$$$$: 6581-block  2
call    2 never executed
        2: 6582:  for (int i = 1; i < *argc; i++) {
        2: 6582-block  0
branch  0 taken 1 (fallthrough)
branch  1 taken 1
        2: 6583:    const std::string arg_string = StreamableToString(argv[i]);
        1: 6583-block  0
call    0 returned 1
branch  1 taken 1 (fallthrough)
branch  2 taken 0 (throw)
        1: 6583-block  1
call    3 returned 1
    $$$$$: 6583-block  2
call    4 never executed
        1: 6584:    const char* const arg = arg_string.c_str();
        1: 6584-block  0
call    0 returned 1
        -: 6585:
        -: 6586:    using internal::ParseFlag;
        -: 6587:
        1: 6588:    bool remove_flag = false;
        1: 6589:    if (ParseGoogleTestFlag(arg)) {
call    0 returned 1
branch  1 taken 1 (fallthrough)
branch  2 taken 0 (throw)
        1: 6589-block  0
branch  3 taken 1 (fallthrough)
branch  4 taken 0
        1: 6590:      remove_flag = true;
        1: 6590-block  0
        -: 6591:#if GTEST_USE_OWN_FLAGFILE_FLAG_
    #####: 6592:    } else if (ParseFlag(arg, "flagfile", &flagfile_value)) {
    %%%%%: 6592-block  0
call    0 never executed
branch  1 never executed
branch  2 never executed
    %%%%%: 6592-block  1
branch  3 never executed
branch  4 never executed
    #####: 6593:      GTEST_FLAG_SET(flagfile, flagfile_value);
    %%%%%: 6593-block  0
call    0 never executed
branch  1 never executed
branch  2 never executed
    #####: 6594:      LoadFlagsFromFile(flagfile_value);
    %%%%%: 6594-block  0
call    0 never executed
branch  1 never executed
branch  2 never executed
    #####: 6595:      remove_flag = true;
    %%%%%: 6595-block  0
        -: 6596:#endif  // GTEST_USE_OWN_FLAGFILE_FLAG_
    #####: 6597:    } else if (arg_string == "--help" || HasGoogleTestFlagPrefix(arg)) {
    %%%%%: 6597-block  0
call    0 never executed
branch  1 never executed
branch  2 never executed
    %%%%%: 6597-block  1
call    3 never executed
branch  4 never executed
branch  5 never executed
    %%%%%: 6597-block  2
    %%%%%: 6597-block  3
    %%%%%: 6597-block  4
branch  6 never executed
branch  7 never executed
        -: 6598:      // Both help flag and unrecognized Google Test flags (excluding
        -: 6599:      // internal ones) trigger help display.
    #####: 6600:      g_help_flag = true;
    %%%%%: 6600-block  0
        -: 6601:    }
        -: 6602:
        1: 6603:    if (remove_flag) {
        1: 6603-block  0
branch  0 taken 1 (fallthrough)
branch  1 taken 0
        -: 6604:      // Shift the remainder of the argv list left by one.  Note
        -: 6605:      // that argv has (*argc + 1) elements, the last one always being
        -: 6606:      // NULL.  The following loop moves the trailing NULL element as
        -: 6607:      // well.
        2: 6608:      for (int j = i; j != *argc; j++) {
        1: 6608-block  0
        2: 6608-block  1
branch  0 taken 1 (fallthrough)
branch  1 taken 1
        1: 6609:        argv[j] = argv[j + 1];
        1: 6609-block  0
        -: 6610:      }
        -: 6611:
        -: 6612:      // Decrements the argument count.
        1: 6613:      (*argc)--;
        -: 6614:
        -: 6615:      // We also need to decrement the iterator as we just removed
        -: 6616:      // an element.
        1: 6617:      i--;
        1: 6617-block  0
        -: 6618:    }
        -: 6619:  }
        -: 6620:
        1: 6621:  if (g_help_flag) {
        1: 6621-block  0
branch  0 taken 0 (fallthrough)
branch  1 taken 1
        -: 6622:    // We print the help here instead of in RUN_ALL_TESTS(), as the
        -: 6623:    // latter may not be called at all if the user is using Google
        -: 6624:    // Test with another testing framework.
    #####: 6625:    PrintColorEncoded(kColorEncodedHelpMessage);
    %%%%%: 6625-block  0
call    0 never executed
branch  1 never executed
branch  2 never executed
        -: 6626:  }
        1: 6627:}
------------------
        -: 6628:
        -: 6629:// Parses the command line for Google Test flags, without initializing
        -: 6630:// other parts of Google Test.
function _ZN7testing8internal24ParseGoogleTestFlagsOnlyEPiPPc called 1 returned 100% blocks executed 100%
        1: 6631:void ParseGoogleTestFlagsOnly(int* argc, char** argv) {
        -: 6632:#if GTEST_HAS_ABSL
        -: 6633:  if (*argc > 0) {
        -: 6634:    // absl::ParseCommandLine() requires *argc > 0.
        -: 6635:    auto positional_args = absl::flags_internal::ParseCommandLineImpl(
        -: 6636:        *argc, argv, absl::flags_internal::ArgvListAction::kRemoveParsedArgs,
        -: 6637:        absl::flags_internal::UsageFlagsAction::kHandleUsage,
        -: 6638:        absl::flags_internal::OnUndefinedFlag::kReportUndefined);
        -: 6639:    // Any command-line positional arguments not part of any command-line flag
        -: 6640:    // (or arguments to a flag) are copied back out to argv, with the program
        -: 6641:    // invocation name at position 0, and argc is resized. This includes
        -: 6642:    // positional arguments after the flag-terminating delimiter '--'.
        -: 6643:    // See https://abseil.io/docs/cpp/guides/flags.
        -: 6644:    std::copy(positional_args.begin(), positional_args.end(), argv);
        -: 6645:    if (static_cast<int>(positional_args.size()) < *argc) {
        -: 6646:      argv[positional_args.size()] = nullptr;
        -: 6647:      *argc = static_cast<int>(positional_args.size());
        -: 6648:    }
        -: 6649:  }
        -: 6650:#else
        1: 6651:  ParseGoogleTestFlagsOnlyImpl(argc, argv);
        1: 6651-block  0
call    0 returned 1
        -: 6652:#endif
        -: 6653:
        -: 6654:  // Fix the value of *_NSGetArgc() on macOS, but if and only if
        -: 6655:  // *_NSGetArgv() == argv
        -: 6656:  // Only applicable to char** version of argv
        -: 6657:#if GTEST_OS_MAC
        -: 6658:#ifndef GTEST_OS_IOS
        -: 6659:  if (*_NSGetArgv() == argv) {
        -: 6660:    *_NSGetArgc() = *argc;
        -: 6661:  }
        -: 6662:#endif
        -: 6663:#endif
        1: 6664:}
function _ZN7testing8internal24ParseGoogleTestFlagsOnlyEPiPPw called 0 returned 0% blocks executed 0%
    #####: 6665:void ParseGoogleTestFlagsOnly(int* argc, wchar_t** argv) {
    #####: 6666:  ParseGoogleTestFlagsOnlyImpl(argc, argv);
    %%%%%: 6666-block  0
call    0 never executed
    #####: 6667:}
        -: 6668:
        -: 6669:// The internal implementation of InitGoogleTest().
        -: 6670://
        -: 6671:// The type parameter CharType can be instantiated to either char or
        -: 6672:// wchar_t.
        -: 6673:template <typename CharType>
       1*: 6674:void InitGoogleTestImpl(int* argc, CharType** argv) {
        -: 6675:  // We don't want to run the initialization code twice.
       1*: 6676:  if (GTestIsInitialized()) return;
        -: 6677:
       1*: 6678:  if (*argc <= 0) return;
        -: 6679:
       1*: 6680:  g_argvs.clear();
       3*: 6681:  for (int i = 0; i != *argc; i++) {
       2*: 6682:    g_argvs.push_back(StreamableToString(argv[i]));
        -: 6683:  }
        -: 6684:
        -: 6685:#if GTEST_HAS_ABSL
        -: 6686:  absl::InitializeSymbolizer(g_argvs[0].c_str());
        -: 6687:
        -: 6688:  // When using the Abseil Flags library, set the program usage message to the
        -: 6689:  // help message, but remove the color-encoding from the message first.
        -: 6690:  absl::SetProgramUsageMessage(absl::StrReplaceAll(
        -: 6691:      kColorEncodedHelpMessage,
        -: 6692:      {{"@D", ""}, {"@R", ""}, {"@G", ""}, {"@Y", ""}, {"@@", "@"}}));
        -: 6693:#endif  // GTEST_HAS_ABSL
        -: 6694:
       1*: 6695:  ParseGoogleTestFlagsOnly(argc, argv);
       1*: 6696:  GetUnitTestImpl()->PostFlagParsingInit();
        -: 6697:}
------------------
_ZN7testing8internal18InitGoogleTestImplIwEEvPiPPT_:
function _ZN7testing8internal18InitGoogleTestImplIwEEvPiPPT_ called 0 returned 0% blocks executed 0%
    #####: 6674:void InitGoogleTestImpl(int* argc, CharType** argv) {
        -: 6675:  // We don't want to run the initialization code twice.
    #####: 6676:  if (GTestIsInitialized()) return;
    %%%%%: 6676-block  0
call    0 never executed
branch  1 never executed
branch  2 never executed
    %%%%%: 6676-block  1
        -: 6677:
    #####: 6678:  if (*argc <= 0) return;
    %%%%%: 6678-block  0
branch  0 never executed
branch  1 never executed
    %%%%%: 6678-block  1
        -: 6679:
    #####: 6680:  g_argvs.clear();
    %%%%%: 6680-block  0
call    0 never executed
    #####: 6681:  for (int i = 0; i != *argc; i++) {
    %%%%%: 6681-block  0
branch  0 never executed
branch  1 never executed
    #####: 6682:    g_argvs.push_back(StreamableToString(argv[i]));
    %%%%%: 6682-block  0
call    0 never executed
call    1 never executed
branch  2 never executed
branch  3 never executed
    %%%%%: 6682-block  1
call    4 never executed
    $$$$$: 6682-block  2
call    5 never executed
        -: 6683:  }
        -: 6684:
        -: 6685:#if GTEST_HAS_ABSL
        -: 6686:  absl::InitializeSymbolizer(g_argvs[0].c_str());
        -: 6687:
        -: 6688:  // When using the Abseil Flags library, set the program usage message to the
        -: 6689:  // help message, but remove the color-encoding from the message first.
        -: 6690:  absl::SetProgramUsageMessage(absl::StrReplaceAll(
        -: 6691:      kColorEncodedHelpMessage,
        -: 6692:      {{"@D", ""}, {"@R", ""}, {"@G", ""}, {"@Y", ""}, {"@@", "@"}}));
        -: 6693:#endif  // GTEST_HAS_ABSL
        -: 6694:
    #####: 6695:  ParseGoogleTestFlagsOnly(argc, argv);
    %%%%%: 6695-block  0
call    0 never executed
    #####: 6696:  GetUnitTestImpl()->PostFlagParsingInit();
call    0 never executed
call    1 never executed
        -: 6697:}
------------------
_ZN7testing8internal18InitGoogleTestImplIcEEvPiPPT_:
function _ZN7testing8internal18InitGoogleTestImplIcEEvPiPPT_ called 1 returned 100% blocks executed 79%
        1: 6674:void InitGoogleTestImpl(int* argc, CharType** argv) {
        -: 6675:  // We don't want to run the initialization code twice.
       1*: 6676:  if (GTestIsInitialized()) return;
        1: 6676-block  0
call    0 returned 1
branch  1 taken 0 (fallthrough)
branch  2 taken 1
    %%%%%: 6676-block  1
        -: 6677:
       1*: 6678:  if (*argc <= 0) return;
        1: 6678-block  0
branch  0 taken 0 (fallthrough)
branch  1 taken 1
    %%%%%: 6678-block  1
        -: 6679:
        1: 6680:  g_argvs.clear();
        1: 6680-block  0
call    0 returned 1
        3: 6681:  for (int i = 0; i != *argc; i++) {
        3: 6681-block  0
branch  0 taken 2 (fallthrough)
branch  1 taken 1
        2: 6682:    g_argvs.push_back(StreamableToString(argv[i]));
        2: 6682-block  0
call    0 returned 2
call    1 returned 2
branch  2 taken 2 (fallthrough)
branch  3 taken 0 (throw)
        2: 6682-block  1
call    4 returned 2
    $$$$$: 6682-block  2
call    5 never executed
        -: 6683:  }
        -: 6684:
        -: 6685:#if GTEST_HAS_ABSL
        -: 6686:  absl::InitializeSymbolizer(g_argvs[0].c_str());
        -: 6687:
        -: 6688:  // When using the Abseil Flags library, set the program usage message to the
        -: 6689:  // help message, but remove the color-encoding from the message first.
        -: 6690:  absl::SetProgramUsageMessage(absl::StrReplaceAll(
        -: 6691:      kColorEncodedHelpMessage,
        -: 6692:      {{"@D", ""}, {"@R", ""}, {"@G", ""}, {"@Y", ""}, {"@@", "@"}}));
        -: 6693:#endif  // GTEST_HAS_ABSL
        -: 6694:
        1: 6695:  ParseGoogleTestFlagsOnly(argc, argv);
        1: 6695-block  0
call    0 returned 1
        1: 6696:  GetUnitTestImpl()->PostFlagParsingInit();
call    0 returned 1
call    1 returned 1
        -: 6697:}
------------------
        -: 6698:
        -: 6699:}  // namespace internal
        -: 6700:
        -: 6701:// Initializes Google Test.  This must be called before calling
        -: 6702:// RUN_ALL_TESTS().  In particular, it parses a command line for the
        -: 6703:// flags that Google Test recognizes.  Whenever a Google Test flag is
        -: 6704:// seen, it is removed from argv, and *argc is decremented.
        -: 6705://
        -: 6706:// No value is returned.  Instead, the Google Test flag variables are
        -: 6707:// updated.
        -: 6708://
        -: 6709:// Calling the function for the second time has no user-visible effect.
function _ZN7testing14InitGoogleTestEPiPPc called 1 returned 100% blocks executed 100%
        1: 6710:void InitGoogleTest(int* argc, char** argv) {
        -: 6711:#if defined(GTEST_CUSTOM_INIT_GOOGLE_TEST_FUNCTION_)
        -: 6712:  GTEST_CUSTOM_INIT_GOOGLE_TEST_FUNCTION_(argc, argv);
        -: 6713:#else   // defined(GTEST_CUSTOM_INIT_GOOGLE_TEST_FUNCTION_)
        1: 6714:  internal::InitGoogleTestImpl(argc, argv);
        1: 6714-block  0
call    0 returned 1
        -: 6715:#endif  // defined(GTEST_CUSTOM_INIT_GOOGLE_TEST_FUNCTION_)
        1: 6716:}
        -: 6717:
        -: 6718:// This overloaded version can be used in Windows programs compiled in
        -: 6719:// UNICODE mode.
function _ZN7testing14InitGoogleTestEPiPPw called 0 returned 0% blocks executed 0%
    #####: 6720:void InitGoogleTest(int* argc, wchar_t** argv) {
        -: 6721:#if defined(GTEST_CUSTOM_INIT_GOOGLE_TEST_FUNCTION_)
        -: 6722:  GTEST_CUSTOM_INIT_GOOGLE_TEST_FUNCTION_(argc, argv);
        -: 6723:#else   // defined(GTEST_CUSTOM_INIT_GOOGLE_TEST_FUNCTION_)
    #####: 6724:  internal::InitGoogleTestImpl(argc, argv);
    %%%%%: 6724-block  0
call    0 never executed
        -: 6725:#endif  // defined(GTEST_CUSTOM_INIT_GOOGLE_TEST_FUNCTION_)
    #####: 6726:}
        -: 6727:
        -: 6728:// This overloaded version can be used on Arduino/embedded platforms where
        -: 6729:// there is no argc/argv.
function _ZN7testing14InitGoogleTestEv called 0 returned 0% blocks executed 0%
    #####: 6730:void InitGoogleTest() {
        -: 6731:  // Since Arduino doesn't have a command line, fake out the argc/argv arguments
    #####: 6732:  int argc = 1;
    #####: 6733:  const auto arg0 = "dummy";
    #####: 6734:  char* argv0 = const_cast<char*>(arg0);
    #####: 6735:  char** argv = &argv0;
        -: 6736:
        -: 6737:#if defined(GTEST_CUSTOM_INIT_GOOGLE_TEST_FUNCTION_)
        -: 6738:  GTEST_CUSTOM_INIT_GOOGLE_TEST_FUNCTION_(&argc, argv);
        -: 6739:#else   // defined(GTEST_CUSTOM_INIT_GOOGLE_TEST_FUNCTION_)
    #####: 6740:  internal::InitGoogleTestImpl(&argc, argv);
    %%%%%: 6740-block  0
call    0 never executed
branch  1 never executed
branch  2 never executed
        -: 6741:#endif  // defined(GTEST_CUSTOM_INIT_GOOGLE_TEST_FUNCTION_)
    #####: 6742:}
    %%%%%: 6742-block  0
        -: 6743:
        -: 6744:#if !defined(GTEST_CUSTOM_TEMPDIR_FUNCTION_)
        -: 6745:// Return value of first environment variable that is set and contains
        -: 6746:// a non-empty string. If there are none, return the "fallback" string.
        -: 6747:// Since we like the temporary directory to have a directory separator suffix,
        -: 6748:// add it if not provided in the environment variable value.
function _ZN7testingL17GetTempDirFromEnvESt16initializer_listIPKcES2_c called 0 returned 0% blocks executed 0%
    #####: 6749:static std::string GetTempDirFromEnv(
        -: 6750:    std::initializer_list<const char*> environment_variables,
        -: 6751:    const char* fallback, char separator) {
    #####: 6752:  for (const char* variable_name : environment_variables) {
    %%%%%: 6752-block  0
call    0 never executed
call    1 never executed
    %%%%%: 6752-block  1
branch  2 never executed
branch  3 never executed
    %%%%%: 6752-block  2
    #####: 6753:    const char* value = internal::posix::GetEnv(variable_name);
    %%%%%: 6753-block  0
call    0 never executed
    #####: 6754:    if (value != nullptr && value[0] != '\0') {
branch  0 never executed
branch  1 never executed
    %%%%%: 6754-block  0
branch  2 never executed
branch  3 never executed
    #####: 6755:      if (value[strlen(value) - 1] != separator) {
    %%%%%: 6755-block  0
branch  0 never executed
branch  1 never executed
    #####: 6756:        return std::string(value).append(1, separator);
    %%%%%: 6756-block  0
call    0 never executed
call    1 never executed
branch  2 never executed
branch  3 never executed
    %%%%%: 6756-block  1
call    4 never executed
branch  5 never executed
branch  6 never executed
    %%%%%: 6756-block  2
call    7 never executed
branch  8 never executed
branch  9 never executed
    %%%%%: 6756-block  3
call   10 never executed
call   11 never executed
    $$$$$: 6756-block  4
call   12 never executed
    $$$$$: 6756-block  5
    $$$$$: 6756-block  6
call   13 never executed
    $$$$$: 6756-block  7
        -: 6757:      }
    #####: 6758:      return value;
    %%%%%: 6758-block  0
call    0 never executed
call    1 never executed
branch  2 never executed
branch  3 never executed
    %%%%%: 6758-block  1
call    4 never executed
    $$$$$: 6758-block  2
call    5 never executed
    $$$$$: 6758-block  3
        -: 6759:    }
        -: 6760:  }
    #####: 6761:  return fallback;
    %%%%%: 6761-block  0
call    0 never executed
call    1 never executed
branch  2 never executed
branch  3 never executed
    %%%%%: 6761-block  1
call    4 never executed
    $$$$$: 6761-block  2
call    5 never executed
        -: 6762:}
        -: 6763:#endif
        -: 6764:
function _ZN7testing7TempDirB5cxx11Ev called 0 returned 0% blocks executed 0%
    #####: 6765:std::string TempDir() {
        -: 6766:#if defined(GTEST_CUSTOM_TEMPDIR_FUNCTION_)
        -: 6767:  return GTEST_CUSTOM_TEMPDIR_FUNCTION_();
        -: 6768:#elif GTEST_OS_WINDOWS || GTEST_OS_WINDOWS_MOBILE
        -: 6769:  return GetTempDirFromEnv({"TEST_TMPDIR", "TEMP"}, "\\temp\\", '\\');
        -: 6770:#elif GTEST_OS_LINUX_ANDROID
        -: 6771:  return GetTempDirFromEnv({"TEST_TMPDIR", "TMPDIR"}, "/data/local/tmp/", '/');
        -: 6772:#else
    #####: 6773:  return GetTempDirFromEnv({"TEST_TMPDIR", "TMPDIR"}, "/tmp/", '/');
    %%%%%: 6773-block  0
call    0 never executed
branch  1 never executed
branch  2 never executed
    %%%%%: 6773-block  1
    %%%%%: 6773-block  2
        -: 6774:#endif
        -: 6775:}
        -: 6776:
        -: 6777:// Class ScopedTrace
        -: 6778:
        -: 6779:// Pushes the given source file location and message onto a per-thread
        -: 6780:// trace stack maintained by Google Test.
function _ZN7testing11ScopedTrace9PushTraceEPKciNSt7__cxx1112basic_stringIcSt11char_traitsIcESaIcEEE called 0 returned 0% blocks executed 0%
    #####: 6781:void ScopedTrace::PushTrace(const char* file, int line, std::string message) {
    #####: 6782:  internal::TraceInfo trace;
    %%%%%: 6782-block  0
call    0 never executed
    %%%%%: 6782-block  1
call    1 never executed
    $$$$$: 6782-block  2
call    2 never executed
    #####: 6783:  trace.file = file;
    #####: 6784:  trace.line = line;
    #####: 6785:  trace.message.swap(message);
call    0 never executed
        -: 6786:
    #####: 6787:  UnitTest::GetInstance()->PushGTestTrace(trace);
call    0 never executed
branch  1 never executed
branch  2 never executed
    %%%%%: 6787-block  0
call    3 never executed
branch  4 never executed
branch  5 never executed
    #####: 6788:}
        -: 6789:
        -: 6790:// Pops the info pushed by the c'tor.
function _ZN7testing11ScopedTraceD2Ev called 0 returned 0% blocks executed 0%
    #####: 6791:ScopedTrace::~ScopedTrace() GTEST_LOCK_EXCLUDED_(&UnitTest::mutex_) {
    #####: 6792:  UnitTest::GetInstance()->PopGTestTrace();
    %%%%%: 6792-block  0
call    0 never executed
call    1 never executed
    #####: 6793:}
        -: 6794:
        -: 6795:}  // namespace testing
