        -:    0:Source:/mnt/c/Users/Usuario/CLionProjects/ca_p1/common_gauss.cpp
        -:    0:Graph:/mnt/c/Users/Usuario/CLionProjects/ca_p1/cmake-build-debug-wsl-coverage/unit_test/CMakeFiles/unit_test.dir/unit_test.cpp.gcno
        -:    0:Data:/mnt/c/Users/Usuario/CLionProjects/ca_p1/cmake-build-debug-wsl-coverage/unit_test/CMakeFiles/unit_test.dir/unit_test.cpp.gcda
        -:    0:Runs:1
        -:    1:#include "common_gauss.hpp"
        -:    2:
function _Z4getmii called 0 returned 0% blocks executed 0%
    #####:    3:int getm(int s, int t) {
    #####:    4:    int m[5][5] = {{1, 4, 7, 4, 1}, {4, 16, 26, 16, 4}, {7, 26, 41, 26, 7}, {4, 16, 26, 16, 4}, {1, 4, 7, 4, 1}};
    #####:    5:    return m[s+3][t+3];
    %%%%%:    5-block  0
        -:    6:}
