        -:    0:Source:/usr/include/c++/9/ext/new_allocator.h
        -:    0:Graph:/mnt/c/Users/Usuario/CLionProjects/ca_p1/cmake-build-debug-wsl-coverage/unit_test/CMakeFiles/unit_test.dir/unit_test.cpp.gcno
        -:    0:Data:/mnt/c/Users/Usuario/CLionProjects/ca_p1/cmake-build-debug-wsl-coverage/unit_test/CMakeFiles/unit_test.dir/unit_test.cpp.gcda
        -:    0:Runs:1
        -:    1:// Allocator that wraps operator new -*- C++ -*-
        -:    2:
        -:    3:// Copyright (C) 2001-2019 Free Software Foundation, Inc.
        -:    4://
        -:    5:// This file is part of the GNU ISO C++ Library.  This library is free
        -:    6:// software; you can redistribute it and/or modify it under the
        -:    7:// terms of the GNU General Public License as published by the
        -:    8:// Free Software Foundation; either version 3, or (at your option)
        -:    9:// any later version.
        -:   10:
        -:   11:// This library is distributed in the hope that it will be useful,
        -:   12:// but WITHOUT ANY WARRANTY; without even the implied warranty of
        -:   13:// MERCHANTABILITY or FITNESS FOR A PARTICULAR PURPOSE.  See the
        -:   14:// GNU General Public License for more details.
        -:   15:
        -:   16:// Under Section 7 of GPL version 3, you are granted additional
        -:   17:// permissions described in the GCC Runtime Library Exception, version
        -:   18:// 3.1, as published by the Free Software Foundation.
        -:   19:
        -:   20:// You should have received a copy of the GNU General Public License and
        -:   21:// a copy of the GCC Runtime Library Exception along with this program;
        -:   22:// see the files COPYING3 and COPYING.RUNTIME respectively.  If not, see
        -:   23:// <http://www.gnu.org/licenses/>.
        -:   24:
        -:   25:/** @file ext/new_allocator.h
        -:   26: *  This file is a GNU extension to the Standard C++ Library.
        -:   27: */
        -:   28:
        -:   29:#ifndef _NEW_ALLOCATOR_H
        -:   30:#define _NEW_ALLOCATOR_H 1
        -:   31:
        -:   32:#include <bits/c++config.h>
        -:   33:#include <new>
        -:   34:#include <bits/functexcept.h>
        -:   35:#include <bits/move.h>
        -:   36:#if __cplusplus >= 201103L
        -:   37:#include <type_traits>
        -:   38:#endif
        -:   39:
        -:   40:namespace __gnu_cxx _GLIBCXX_VISIBILITY(default)
        -:   41:{
        -:   42:_GLIBCXX_BEGIN_NAMESPACE_VERSION
        -:   43:
        -:   44:  using std::size_t;
        -:   45:  using std::ptrdiff_t;
        -:   46:
        -:   47:  /**
        -:   48:   *  @brief  An allocator that uses global new, as per [20.4].
        -:   49:   *  @ingroup allocators
        -:   50:   *
        -:   51:   *  This is precisely the allocator defined in the C++ Standard.
        -:   52:   *    - all allocation calls operator new
        -:   53:   *    - all deallocation calls operator delete
        -:   54:   *
        -:   55:   *  @tparam  _Tp  Type of allocated object.
        -:   56:   */
        -:   57:  template<typename _Tp>
        -:   58:    class new_allocator
        -:   59:    {
        -:   60:    public:
        -:   61:      typedef size_t     size_type;
        -:   62:      typedef ptrdiff_t  difference_type;
        -:   63:      typedef _Tp*       pointer;
        -:   64:      typedef const _Tp* const_pointer;
        -:   65:      typedef _Tp&       reference;
        -:   66:      typedef const _Tp& const_reference;
        -:   67:      typedef _Tp        value_type;
        -:   68:
        -:   69:      template<typename _Tp1>
        -:   70:	struct rebind
        -:   71:	{ typedef new_allocator<_Tp1> other; };
        -:   72:
        -:   73:#if __cplusplus >= 201103L
        -:   74:      // _GLIBCXX_RESOLVE_LIB_DEFECTS
        -:   75:      // 2103. propagate_on_container_move_assignment
        -:   76:      typedef std::true_type propagate_on_container_move_assignment;
        -:   77:#endif
        -:   78:
        -:   79:      _GLIBCXX20_CONSTEXPR
      84*:   80:      new_allocator() _GLIBCXX_USE_NOEXCEPT { }
------------------
_ZN9__gnu_cxx13new_allocatorIiEC2Ev:
function _ZN9__gnu_cxx13new_allocatorIiEC2Ev called 5 returned 100% blocks executed 100%
        5:   80:      new_allocator() _GLIBCXX_USE_NOEXCEPT { }
------------------
_ZN9__gnu_cxx13new_allocatorIdEC2Ev:
function _ZN9__gnu_cxx13new_allocatorIdEC2Ev called 50 returned 100% blocks executed 100%
       50:   80:      new_allocator() _GLIBCXX_USE_NOEXCEPT { }
------------------
_ZN9__gnu_cxx13new_allocatorIhEC2Ev:
function _ZN9__gnu_cxx13new_allocatorIhEC2Ev called 25 returned 100% blocks executed 100%
       25:   80:      new_allocator() _GLIBCXX_USE_NOEXCEPT { }
------------------
_ZN9__gnu_cxx13new_allocatorI5PixelEC2Ev:
function _ZN9__gnu_cxx13new_allocatorI5PixelEC2Ev called 4 returned 100% blocks executed 100%
        4:   80:      new_allocator() _GLIBCXX_USE_NOEXCEPT { }
------------------
_ZN9__gnu_cxx13new_allocatorIcEC2Ev:
function _ZN9__gnu_cxx13new_allocatorIcEC2Ev called 0 returned 0% blocks executed 0%
    #####:   80:      new_allocator() _GLIBCXX_USE_NOEXCEPT { }
------------------
        -:   81:
        -:   82:      _GLIBCXX20_CONSTEXPR
     208*:   83:      new_allocator(const new_allocator&) _GLIBCXX_USE_NOEXCEPT { }
------------------
_ZN9__gnu_cxx13new_allocatorIhEC2ERKS1_:
function _ZN9__gnu_cxx13new_allocatorIhEC2ERKS1_ called 100 returned 100% blocks executed 100%
      100:   83:      new_allocator(const new_allocator&) _GLIBCXX_USE_NOEXCEPT { }
------------------
_ZN9__gnu_cxx13new_allocatorI5PixelEC2ERKS2_:
function _ZN9__gnu_cxx13new_allocatorI5PixelEC2ERKS2_ called 8 returned 100% blocks executed 100%
        8:   83:      new_allocator(const new_allocator&) _GLIBCXX_USE_NOEXCEPT { }
------------------
_ZN9__gnu_cxx13new_allocatorIdEC2ERKS1_:
function _ZN9__gnu_cxx13new_allocatorIdEC2ERKS1_ called 100 returned 100% blocks executed 100%
      100:   83:      new_allocator(const new_allocator&) _GLIBCXX_USE_NOEXCEPT { }
------------------
_ZN9__gnu_cxx13new_allocatorIcEC2ERKS1_:
function _ZN9__gnu_cxx13new_allocatorIcEC2ERKS1_ called 0 returned 0% blocks executed 0%
    #####:   83:      new_allocator(const new_allocator&) _GLIBCXX_USE_NOEXCEPT { }
------------------
        -:   84:
        -:   85:      template<typename _Tp1>
        -:   86:	_GLIBCXX20_CONSTEXPR
        -:   87:	new_allocator(const new_allocator<_Tp1>&) _GLIBCXX_USE_NOEXCEPT { }
        -:   88:
     292*:   89:      ~new_allocator() _GLIBCXX_USE_NOEXCEPT { }
------------------
_ZN9__gnu_cxx13new_allocatorIhED2Ev:
function _ZN9__gnu_cxx13new_allocatorIhED2Ev called 125 returned 100% blocks executed 100%
      125:   89:      ~new_allocator() _GLIBCXX_USE_NOEXCEPT { }
------------------
_ZN9__gnu_cxx13new_allocatorIiED2Ev:
function _ZN9__gnu_cxx13new_allocatorIiED2Ev called 5 returned 100% blocks executed 100%
        5:   89:      ~new_allocator() _GLIBCXX_USE_NOEXCEPT { }
------------------
_ZN9__gnu_cxx13new_allocatorI5PixelED2Ev:
function _ZN9__gnu_cxx13new_allocatorI5PixelED2Ev called 12 returned 100% blocks executed 100%
       12:   89:      ~new_allocator() _GLIBCXX_USE_NOEXCEPT { }
------------------
_ZN9__gnu_cxx13new_allocatorIdED2Ev:
function _ZN9__gnu_cxx13new_allocatorIdED2Ev called 150 returned 100% blocks executed 100%
      150:   89:      ~new_allocator() _GLIBCXX_USE_NOEXCEPT { }
------------------
_ZN9__gnu_cxx13new_allocatorIcED2Ev:
function _ZN9__gnu_cxx13new_allocatorIcED2Ev called 0 returned 0% blocks executed 0%
    #####:   89:      ~new_allocator() _GLIBCXX_USE_NOEXCEPT { }
------------------
        -:   90:
        -:   91:      pointer
        -:   92:      address(reference __x) const _GLIBCXX_NOEXCEPT
        -:   93:      { return std::__addressof(__x); }
        -:   94:
        -:   95:      const_pointer
        -:   96:      address(const_reference __x) const _GLIBCXX_NOEXCEPT
        -:   97:      { return std::__addressof(__x); }
        -:   98:
        -:   99:      // NB: __n is permitted to be 0.  The C++ standard says nothing
        -:  100:      // about what the return value is when __n == 0.
        -:  101:      _GLIBCXX_NODISCARD pointer
      377:  102:      allocate(size_type __n, const void* = static_cast<const void*>(0))
        -:  103:      {
      377:  104:	if (__n > this->max_size())
    #####:  105:	  std::__throw_bad_alloc();
        -:  106:
        -:  107:#if __cpp_aligned_new
        -:  108:	if (alignof(_Tp) > __STDCPP_DEFAULT_NEW_ALIGNMENT__)
        -:  109:	  {
        -:  110:	    std::align_val_t __al = std::align_val_t(alignof(_Tp));
        -:  111:	    return static_cast<_Tp*>(::operator new(__n * sizeof(_Tp), __al));
        -:  112:	  }
        -:  113:#endif
      377:  114:	return static_cast<_Tp*>(::operator new(__n * sizeof(_Tp)));
        -:  115:      }
------------------
_ZN9__gnu_cxx13new_allocatorIdE8allocateEmPKv:
function _ZN9__gnu_cxx13new_allocatorIdE8allocateEmPKv called 175 returned 100% blocks executed 83%
      175:  102:      allocate(size_type __n, const void* = static_cast<const void*>(0))
        -:  103:      {
      175:  104:	if (__n > this->max_size())
      175:  104-block  0
call    0 returned 175
branch  1 taken 0 (fallthrough)
branch  2 taken 175
    #####:  105:	  std::__throw_bad_alloc();
    %%%%%:  105-block  0
call    0 never executed
        -:  106:
        -:  107:#if __cpp_aligned_new
        -:  108:	if (alignof(_Tp) > __STDCPP_DEFAULT_NEW_ALIGNMENT__)
        -:  109:	  {
        -:  110:	    std::align_val_t __al = std::align_val_t(alignof(_Tp));
        -:  111:	    return static_cast<_Tp*>(::operator new(__n * sizeof(_Tp), __al));
        -:  112:	  }
        -:  113:#endif
      175:  114:	return static_cast<_Tp*>(::operator new(__n * sizeof(_Tp)));
      175:  114-block  0
call    0 returned 175
        -:  115:      }
------------------
_ZN9__gnu_cxx13new_allocatorIhE8allocateEmPKv:
function _ZN9__gnu_cxx13new_allocatorIhE8allocateEmPKv called 50 returned 100% blocks executed 83%
       50:  102:      allocate(size_type __n, const void* = static_cast<const void*>(0))
        -:  103:      {
       50:  104:	if (__n > this->max_size())
       50:  104-block  0
call    0 returned 50
branch  1 taken 0 (fallthrough)
branch  2 taken 50
    #####:  105:	  std::__throw_bad_alloc();
    %%%%%:  105-block  0
call    0 never executed
        -:  106:
        -:  107:#if __cpp_aligned_new
        -:  108:	if (alignof(_Tp) > __STDCPP_DEFAULT_NEW_ALIGNMENT__)
        -:  109:	  {
        -:  110:	    std::align_val_t __al = std::align_val_t(alignof(_Tp));
        -:  111:	    return static_cast<_Tp*>(::operator new(__n * sizeof(_Tp), __al));
        -:  112:	  }
        -:  113:#endif
       50:  114:	return static_cast<_Tp*>(::operator new(__n * sizeof(_Tp)));
       50:  114-block  0
call    0 returned 50
        -:  115:      }
------------------
_ZN9__gnu_cxx13new_allocatorI5PixelE8allocateEmPKv:
function _ZN9__gnu_cxx13new_allocatorI5PixelE8allocateEmPKv called 9 returned 100% blocks executed 83%
        9:  102:      allocate(size_type __n, const void* = static_cast<const void*>(0))
        -:  103:      {
        9:  104:	if (__n > this->max_size())
        9:  104-block  0
call    0 returned 9
branch  1 taken 0 (fallthrough)
branch  2 taken 9
    #####:  105:	  std::__throw_bad_alloc();
    %%%%%:  105-block  0
call    0 never executed
        -:  106:
        -:  107:#if __cpp_aligned_new
        -:  108:	if (alignof(_Tp) > __STDCPP_DEFAULT_NEW_ALIGNMENT__)
        -:  109:	  {
        -:  110:	    std::align_val_t __al = std::align_val_t(alignof(_Tp));
        -:  111:	    return static_cast<_Tp*>(::operator new(__n * sizeof(_Tp), __al));
        -:  112:	  }
        -:  113:#endif
        9:  114:	return static_cast<_Tp*>(::operator new(__n * sizeof(_Tp)));
        9:  114-block  0
call    0 returned 9
        -:  115:      }
------------------
_ZN9__gnu_cxx13new_allocatorIiE8allocateEmPKv:
function _ZN9__gnu_cxx13new_allocatorIiE8allocateEmPKv called 7 returned 100% blocks executed 83%
        7:  102:      allocate(size_type __n, const void* = static_cast<const void*>(0))
        -:  103:      {
        7:  104:	if (__n > this->max_size())
        7:  104-block  0
call    0 returned 7
branch  1 taken 0 (fallthrough)
branch  2 taken 7
    #####:  105:	  std::__throw_bad_alloc();
    %%%%%:  105-block  0
call    0 never executed
        -:  106:
        -:  107:#if __cpp_aligned_new
        -:  108:	if (alignof(_Tp) > __STDCPP_DEFAULT_NEW_ALIGNMENT__)
        -:  109:	  {
        -:  110:	    std::align_val_t __al = std::align_val_t(alignof(_Tp));
        -:  111:	    return static_cast<_Tp*>(::operator new(__n * sizeof(_Tp), __al));
        -:  112:	  }
        -:  113:#endif
        7:  114:	return static_cast<_Tp*>(::operator new(__n * sizeof(_Tp)));
        7:  114-block  0
call    0 returned 7
        -:  115:      }
------------------
_ZN9__gnu_cxx13new_allocatorIcE8allocateEmPKv:
function _ZN9__gnu_cxx13new_allocatorIcE8allocateEmPKv called 136 returned 100% blocks executed 83%
      136:  102:      allocate(size_type __n, const void* = static_cast<const void*>(0))
        -:  103:      {
      136:  104:	if (__n > this->max_size())
      136:  104-block  0
call    0 returned 136
branch  1 taken 0 (fallthrough)
branch  2 taken 136
    #####:  105:	  std::__throw_bad_alloc();
    %%%%%:  105-block  0
call    0 never executed
        -:  106:
        -:  107:#if __cpp_aligned_new
        -:  108:	if (alignof(_Tp) > __STDCPP_DEFAULT_NEW_ALIGNMENT__)
        -:  109:	  {
        -:  110:	    std::align_val_t __al = std::align_val_t(alignof(_Tp));
        -:  111:	    return static_cast<_Tp*>(::operator new(__n * sizeof(_Tp), __al));
        -:  112:	  }
        -:  113:#endif
      136:  114:	return static_cast<_Tp*>(::operator new(__n * sizeof(_Tp)));
      136:  114-block  0
call    0 returned 136
        -:  115:      }
------------------
        -:  116:
        -:  117:      // __p is not permitted to be a null pointer.
        -:  118:      void
      348:  119:      deallocate(pointer __p, size_type)
        -:  120:      {
        -:  121:#if __cpp_aligned_new
        -:  122:	if (alignof(_Tp) > __STDCPP_DEFAULT_NEW_ALIGNMENT__)
        -:  123:	  {
        -:  124:	    ::operator delete(__p, std::align_val_t(alignof(_Tp)));
        -:  125:	    return;
        -:  126:	  }
        -:  127:#endif
      348:  128:	::operator delete(__p);
        -:  129:      }
------------------
_ZN9__gnu_cxx13new_allocatorIhE10deallocateEPhm:
function _ZN9__gnu_cxx13new_allocatorIhE10deallocateEPhm called 50 returned 100% blocks executed 100%
       50:  119:      deallocate(pointer __p, size_type)
       50:  119-block  0
        -:  120:      {
        -:  121:#if __cpp_aligned_new
        -:  122:	if (alignof(_Tp) > __STDCPP_DEFAULT_NEW_ALIGNMENT__)
        -:  123:	  {
        -:  124:	    ::operator delete(__p, std::align_val_t(alignof(_Tp)));
        -:  125:	    return;
        -:  126:	  }
        -:  127:#endif
       50:  128:	::operator delete(__p);
       50:  128-block  0
call    0 returned 50
        -:  129:      }
------------------
_ZN9__gnu_cxx13new_allocatorIiE10deallocateEPim:
function _ZN9__gnu_cxx13new_allocatorIiE10deallocateEPim called 7 returned 100% blocks executed 100%
        7:  119:      deallocate(pointer __p, size_type)
        7:  119-block  0
        -:  120:      {
        -:  121:#if __cpp_aligned_new
        -:  122:	if (alignof(_Tp) > __STDCPP_DEFAULT_NEW_ALIGNMENT__)
        -:  123:	  {
        -:  124:	    ::operator delete(__p, std::align_val_t(alignof(_Tp)));
        -:  125:	    return;
        -:  126:	  }
        -:  127:#endif
        7:  128:	::operator delete(__p);
        7:  128-block  0
call    0 returned 7
        -:  129:      }
------------------
_ZN9__gnu_cxx13new_allocatorI5PixelE10deallocateEPS1_m:
function _ZN9__gnu_cxx13new_allocatorI5PixelE10deallocateEPS1_m called 9 returned 100% blocks executed 100%
        9:  119:      deallocate(pointer __p, size_type)
        9:  119-block  0
        -:  120:      {
        -:  121:#if __cpp_aligned_new
        -:  122:	if (alignof(_Tp) > __STDCPP_DEFAULT_NEW_ALIGNMENT__)
        -:  123:	  {
        -:  124:	    ::operator delete(__p, std::align_val_t(alignof(_Tp)));
        -:  125:	    return;
        -:  126:	  }
        -:  127:#endif
        9:  128:	::operator delete(__p);
        9:  128-block  0
call    0 returned 9
        -:  129:      }
------------------
_ZN9__gnu_cxx13new_allocatorIdE10deallocateEPdm:
function _ZN9__gnu_cxx13new_allocatorIdE10deallocateEPdm called 175 returned 100% blocks executed 100%
      175:  119:      deallocate(pointer __p, size_type)
      175:  119-block  0
        -:  120:      {
        -:  121:#if __cpp_aligned_new
        -:  122:	if (alignof(_Tp) > __STDCPP_DEFAULT_NEW_ALIGNMENT__)
        -:  123:	  {
        -:  124:	    ::operator delete(__p, std::align_val_t(alignof(_Tp)));
        -:  125:	    return;
        -:  126:	  }
        -:  127:#endif
      175:  128:	::operator delete(__p);
      175:  128-block  0
call    0 returned 175
        -:  129:      }
------------------
_ZN9__gnu_cxx13new_allocatorIcE10deallocateEPcm:
function _ZN9__gnu_cxx13new_allocatorIcE10deallocateEPcm called 107 returned 100% blocks executed 100%
      107:  119:      deallocate(pointer __p, size_type)
      107:  119-block  0
        -:  120:      {
        -:  121:#if __cpp_aligned_new
        -:  122:	if (alignof(_Tp) > __STDCPP_DEFAULT_NEW_ALIGNMENT__)
        -:  123:	  {
        -:  124:	    ::operator delete(__p, std::align_val_t(alignof(_Tp)));
        -:  125:	    return;
        -:  126:	  }
        -:  127:#endif
      107:  128:	::operator delete(__p);
      107:  128-block  0
call    0 returned 107
        -:  129:      }
------------------
        -:  130:
        -:  131:      size_type
     1028:  132:      max_size() const _GLIBCXX_USE_NOEXCEPT
        -:  133:      {
        -:  134:#if __PTRDIFF_MAX__ < __SIZE_MAX__
     1028:  135:	return size_t(__PTRDIFF_MAX__) / sizeof(_Tp);
        -:  136:#else
        -:  137:	return size_t(-1) / sizeof(_Tp);
        -:  138:#endif
        -:  139:      }
------------------
_ZNK9__gnu_cxx13new_allocatorIdE8max_sizeEv:
function _ZNK9__gnu_cxx13new_allocatorIdE8max_sizeEv called 475 returned 100% blocks executed 100%
      475:  132:      max_size() const _GLIBCXX_USE_NOEXCEPT
        -:  133:      {
        -:  134:#if __PTRDIFF_MAX__ < __SIZE_MAX__
      475:  135:	return size_t(__PTRDIFF_MAX__) / sizeof(_Tp);
      475:  135-block  0
        -:  136:#else
        -:  137:	return size_t(-1) / sizeof(_Tp);
        -:  138:#endif
        -:  139:      }
------------------
_ZNK9__gnu_cxx13new_allocatorIhE8max_sizeEv:
function _ZNK9__gnu_cxx13new_allocatorIhE8max_sizeEv called 75 returned 100% blocks executed 100%
       75:  132:      max_size() const _GLIBCXX_USE_NOEXCEPT
        -:  133:      {
        -:  134:#if __PTRDIFF_MAX__ < __SIZE_MAX__
       75:  135:	return size_t(__PTRDIFF_MAX__) / sizeof(_Tp);
       75:  135-block  0
        -:  136:#else
        -:  137:	return size_t(-1) / sizeof(_Tp);
        -:  138:#endif
        -:  139:      }
------------------
_ZNK9__gnu_cxx13new_allocatorIiE8max_sizeEv:
function _ZNK9__gnu_cxx13new_allocatorIiE8max_sizeEv called 27 returned 100% blocks executed 100%
       27:  132:      max_size() const _GLIBCXX_USE_NOEXCEPT
        -:  133:      {
        -:  134:#if __PTRDIFF_MAX__ < __SIZE_MAX__
       27:  135:	return size_t(__PTRDIFF_MAX__) / sizeof(_Tp);
       27:  135-block  0
        -:  136:#else
        -:  137:	return size_t(-1) / sizeof(_Tp);
        -:  138:#endif
        -:  139:      }
------------------
_ZNK9__gnu_cxx13new_allocatorI5PixelE8max_sizeEv:
function _ZNK9__gnu_cxx13new_allocatorI5PixelE8max_sizeEv called 24 returned 100% blocks executed 100%
       24:  132:      max_size() const _GLIBCXX_USE_NOEXCEPT
        -:  133:      {
        -:  134:#if __PTRDIFF_MAX__ < __SIZE_MAX__
       24:  135:	return size_t(__PTRDIFF_MAX__) / sizeof(_Tp);
       24:  135-block  0
        -:  136:#else
        -:  137:	return size_t(-1) / sizeof(_Tp);
        -:  138:#endif
        -:  139:      }
------------------
_ZNK9__gnu_cxx13new_allocatorIcE8max_sizeEv:
function _ZNK9__gnu_cxx13new_allocatorIcE8max_sizeEv called 427 returned 100% blocks executed 100%
      427:  132:      max_size() const _GLIBCXX_USE_NOEXCEPT
        -:  133:      {
        -:  134:#if __PTRDIFF_MAX__ < __SIZE_MAX__
      427:  135:	return size_t(__PTRDIFF_MAX__) / sizeof(_Tp);
      427:  135-block  0
        -:  136:#else
        -:  137:	return size_t(-1) / sizeof(_Tp);
        -:  138:#endif
        -:  139:      }
------------------
        -:  140:
        -:  141:#if __cplusplus >= 201103L
        -:  142:      template<typename _Up, typename... _Args>
        -:  143:	void
      175:  144:	construct(_Up* __p, _Args&&... __args)
        -:  145:	noexcept(std::is_nothrow_constructible<_Up, _Args...>::value)
      175:  146:	{ ::new((void *)__p) _Up(std::forward<_Args>(__args)...); }
------------------
_ZN9__gnu_cxx13new_allocatorIdE9constructIdJdEEEvPT_DpOT0_:
function _ZN9__gnu_cxx13new_allocatorIdE9constructIdJdEEEvPT_DpOT0_ called 150 returned 100% blocks executed 100%
      150:  144:	construct(_Up* __p, _Args&&... __args)
        -:  145:	noexcept(std::is_nothrow_constructible<_Up, _Args...>::value)
      150:  146:	{ ::new((void *)__p) _Up(std::forward<_Args>(__args)...); }
      150:  146-block  0
call    0 returned 150
call    1 returned 150
------------------
_ZN9__gnu_cxx13new_allocatorI5PixelE9constructIS1_JRKS1_EEEvPT_DpOT0_:
function _ZN9__gnu_cxx13new_allocatorI5PixelE9constructIS1_JRKS1_EEEvPT_DpOT0_ called 25 returned 100% blocks executed 100%
       25:  144:	construct(_Up* __p, _Args&&... __args)
        -:  145:	noexcept(std::is_nothrow_constructible<_Up, _Args...>::value)
       25:  146:	{ ::new((void *)__p) _Up(std::forward<_Args>(__args)...); }
       25:  146-block  0
call    0 returned 25
call    1 returned 25
------------------
        -:  147:
        -:  148:      template<typename _Up>
        -:  149:	void
        -:  150:	destroy(_Up* __p)
        -:  151:	noexcept(std::is_nothrow_destructible<_Up>::value)
        -:  152:	{ __p->~_Up(); }
        -:  153:#else
        -:  154:      // _GLIBCXX_RESOLVE_LIB_DEFECTS
        -:  155:      // 402. wrong new expression in [some_] allocator::construct
        -:  156:      void
        -:  157:      construct(pointer __p, const _Tp& __val)
        -:  158:      { ::new((void *)__p) _Tp(__val); }
        -:  159:
        -:  160:      void
        -:  161:      destroy(pointer __p) { __p->~_Tp(); }
        -:  162:#endif
        -:  163:
        -:  164:      template<typename _Up>
        -:  165:	friend bool
        -:  166:	operator==(const new_allocator&, const new_allocator<_Up>&)
        -:  167:	_GLIBCXX_NOTHROW
        -:  168:	{ return true; }
        -:  169:
        -:  170:      template<typename _Up>
        -:  171:	friend bool
        -:  172:	operator!=(const new_allocator&, const new_allocator<_Up>&)
        -:  173:	_GLIBCXX_NOTHROW
        -:  174:	{ return false; }
        -:  175:    };
        -:  176:
        -:  177:_GLIBCXX_END_NAMESPACE_VERSION
        -:  178:} // namespace
        -:  179:
        -:  180:#endif
